  ThdynPack_terminate.cpp
  ThdynPack_rtwutil.cpp
  ThdynPack_initialize.cpp
  ThdynPack_data.cpp
  sqrt.cpp
  rt_nonfinite.cpp
  rtGetNaN.cpp
  rtGetInf.cpp
  rdivide.cpp
  power.cpp
  mldivide.cpp
  KpNASA7_upper.cpp
  GetViscosityHCVapor.cpp
  GetT_atm_p.cpp
  GetTotalStaticPT.cpp
  GetThermoDynPropPartial.cpp
  GetThermoDynProp.cpp
  GetThermalPropertyHCVaporReal.cpp
  GetThdynCombGasZachV1.cpp
  GetThdynCombGasZach.cpp
  Generating Code...
  Compiling...
  GetTFromPhF.cpp
  GetPTx.cpp
  GetPTFV1.cpp
  GetPTFSimple.cpp
  GetPTF.cpp
  GetMEMbZach.cpp
  GetIdealNozzleFlowPTF.cpp
  GetIdealNozzleFlow.cpp
  GetHTCoeffHTX.cpp
  GetFuelPropertyN_Dodecane.cpp
  GetEquilOlikara.cpp
  GetEquilGrill.cpp
  GetDiffusivityHCVaporToAir.cpp
  GetDensityHCVapor.cpp
  GetCorrAirComp.cpp
  GetCompleteComb.cpp
  GetCompCombGas.cpp
  GetAirViscosity.cpp
  GetAirThermalConduct.cpp
  GetAirDensity.cpp
  Generating Code...
  Compiling...
  dNOx.cpp
  compressor_calc_PTF.cpp
c:\users\keviny\documents\github\thdyncalcpackdll\icedll20sim\codes\subroutines\compressor_calc_ptf.cpp(74): warning C4129: 'c': unrecognized character escape sequence
c:\users\keviny\documents\github\thdyncalcpackdll\icedll20sim\codes\subroutines\compressor_calc_ptf.cpp(81): warning C4129: 'c': unrecognized character escape sequence
c:\users\keviny\documents\github\thdyncalcpackdll\icedll20sim\codes\subroutines\compressor_calc_ptf.cpp(76): warning C4996: 'strerror': This function or variable may be unsafe. Consider using strerror_s instead. To disable deprecation, use _CRT_SECURE_NO_WARNINGS. See online help for details.
  c:\program files (x86)\windows kits\10\include\10.0.10240.0\ucrt\string.h(178): note: see declaration of 'strerror'
c:\users\keviny\documents\github\thdyncalcpackdll\icedll20sim\codes\subroutines\compressor_calc_ptf.cpp(63): warning C4101: 'fopen': unreferenced local variable
  ICEDll20Sim.cpp
  Generating Code...
     Creating library C:\Users\keviny\Documents\github\ThdynCalcPackDLL\ICEDll20Sim\projects\VS2015\Debug\ICEDll20Sim.lib and object C:\Users\keviny\Documents\github\ThdynCalcPackDLL\ICEDll20Sim\projects\VS2015\Debug\ICEDll20Sim.exp
  ICEDll20Sim.vcxproj -> C:\Users\keviny\Documents\github\ThdynCalcPackDLL\ICEDll20Sim\projects\VS2015\Debug\ICEDll20Sim.dll
  ICEDll20Sim.vcxproj -> C:\Users\keviny\Documents\github\ThdynCalcPackDLL\ICEDll20Sim\projects\VS2015\Debug\ICEDll20Sim.pdb (Full PDB)
