Build started 10/27/2015 12:16:43 AM.
     1>Project "C:\Users\yum\Documents\GitHub\ThdynCalcPackDLL\ICEDll20Sim\ICEDll20Sim\ICEDll20Sim.vcxproj" on node 2 (Build target(s)).
     1>Link:
         C:\Program Files (x86)\Microsoft Visual Studio 14.0\VC\bin\x86_amd64\link.exe /ERRORREPORT:PROMPT /OUT:"C:\Users\yum\Documents\GitHub\ThdynCalcPackDLL\ICEDll20Sim\x64\Release\ICEDll20Sim.dll" /INCREMENTAL /NOLOGO /LIBPATH:"C:\Program Files (x86)\Intel\Composer XE 2011 SP1\compiler\lib\intel64" /LIBPATH:C:\Users\yum\Documents\GitHub\ThdynCalcPackDLL\ICELibFor\ICELibFor\x64\Release ICELibFor.lib kernel32.lib user32.lib gdi32.lib winspool.lib comdlg32.lib advapi32.lib shell32.lib ole32.lib oleaut32.lib uuid.lib odbc32.lib odbccp32.lib /MANIFEST /MANIFESTUAC:"level='asInvoker' uiAccess='false'" /manifest:embed /Debug /PDB:"C:\Users\yum\Documents\GitHub\ThdynCalcPackDLL\ICEDll20Sim\x64\Release\ICEDll20Sim.pdb" /SUBSYSTEM:WINDOWS /OPT:REF /OPT:ICF /LTCG:incremental /TLBID:1 /DYNAMICBASE /NXCOMPAT /IMPLIB:"C:\Users\yum\Documents\GitHub\ThdynCalcPackDLL\ICEDll20Sim\x64\Release\ICEDll20Sim.lib" /MACHINE:X64 /DLL x64\Release\ICEDll20Sim.obj
         x64\Release\compressor_calc_PTF.obj
         x64\Release\dNOx.obj
         x64\Release\GetAirDensity.obj
         x64\Release\GetAirThermalConduct.obj
         x64\Release\GetAirViscosity.obj
         x64\Release\GetCompCombGas.obj
         x64\Release\GetCompleteComb.obj
         x64\Release\GetCorrAirComp.obj
         x64\Release\GetDensityHCVapor.obj
         x64\Release\GetDiffusivityHCVaporToAir.obj
         x64\Release\GetEquilGrill.obj
         x64\Release\GetEquilOlikara.obj
         x64\Release\GetFuelPropertyN_Dodecane.obj
         x64\Release\GetHTCoeffHTX.obj
         x64\Release\GetIdealNozzleFlow.obj
         x64\Release\GetIdealNozzleFlowPTF.obj
         x64\Release\GetMEMbZach.obj
         x64\Release\GetPTF.obj
         x64\Release\GetPTFV1.obj
         x64\Release\GetPTx.obj
         x64\Release\GetTFromPhF.obj
         x64\Release\GetThdynCombGasZach.obj
         x64\Release\GetThdynCombGasZachV1.obj
         x64\Release\GetThermalPropertyHCVaporReal.obj
         x64\Release\GetThermoDynProp.obj
         x64\Release\GetThermoDynPropPartial.obj
         x64\Release\GetTotalStaticPT.obj
         x64\Release\GetT_atm_p.obj
         x64\Release\GetViscosityHCVapor.obj
         x64\Release\KpNASA7_upper.obj
         x64\Release\mldivide.obj
         x64\Release\power.obj
         x64\Release\rdivide.obj
         x64\Release\rtGetInf.obj
         x64\Release\rtGetNaN.obj
         x64\Release\rt_nonfinite.obj
         x64\Release\sqrt.obj
         x64\Release\ThdynPack_data.obj
         x64\Release\ThdynPack_initialize.obj
         x64\Release\ThdynPack_rtwutil.obj
         x64\Release\ThdynPack_terminate.obj
     1>LINK : warning LNK4075: ignoring '/INCREMENTAL' due to '/LTCG' specification
            Creating library C:\Users\yum\Documents\GitHub\ThdynCalcPackDLL\ICEDll20Sim\x64\Release\ICEDll20Sim.lib and object C:\Users\yum\Documents\GitHub\ThdynCalcPackDLL\ICEDll20Sim\x64\Release\ICEDll20Sim.exp
     1>LINK : warning LNK4098: defaultlib 'LIBCMT' conflicts with use of other libs; use /NODEFAULTLIB:library
     1>libirc.lib(tbk_backtrace.obj) : error LNK2001: unresolved external symbol sprintf
     1>libirc.lib(irc_msg_support.obj) : error LNK2001: unresolved external symbol sprintf
     1>libifcoremt.lib(tbk_traceback.obj) : error LNK2001: unresolved external symbol sprintf
     1>libifcoremt.lib(for_avalloc.obj) : error LNK2001: unresolved external symbol sprintf
     1>libifcoremt.lib(for_preconnected_units_init.obj) : error LNK2001: unresolved external symbol sprintf
     1>libirc.lib(tbk_display.obj) : error LNK2001: unresolved external symbol sprintf
     1>libifcoremt.lib(for_open.obj) : error LNK2001: unresolved external symbol sprintf
     1>libifcoremt.lib(for_diags_intel.obj) : error LNK2001: unresolved external symbol sprintf
     1>libifcoremt.lib(for_nt_open_proc.obj) : error LNK2001: unresolved external symbol sprintf
     1>libifcoremt.lib(for_close_proc.obj) : error LNK2001: unresolved external symbol sprintf
     1>libifcoremt.lib(for_diags_intel.obj) : error LNK2001: unresolved external symbol vsprintf
     1>libirc.lib(irc_msg_support.obj) : error LNK2001: unresolved external symbol vsprintf
     1>libifcoremt.lib(for_diags_intel.obj) : error LNK2001: unresolved external symbol __iob_func
     1>libifcoremt.lib(for_nt_open_proc.obj) : error LNK2001: unresolved external symbol __iob_func
     1>libmmt.lib(libm_error.obj) : error LNK2001: unresolved external symbol __iob_func
     1>libifcoremt.lib(for_diags_intel.obj) : error LNK2001: unresolved external symbol fprintf
     1>libifcoremt.lib(for_io_util.obj) : error LNK2001: unresolved external symbol sscanf
     1>libifcoremt.lib(tbk_traceback.obj) : error LNK2001: unresolved external symbol sscanf
     1>libmmt.lib(libm_error.obj) : error LNK2001: unresolved external symbol _snprintf
     1>libirc.lib(tbk_display.obj) : error LNK2001: unresolved external symbol _snprintf
     1>libirc.lib(irc_msg_support.obj) : error LNK2001: unresolved external symbol printf
     1>C:\Users\yum\Documents\GitHub\ThdynCalcPackDLL\ICEDll20Sim\x64\Release\ICEDll20Sim.dll : fatal error LNK1120: 7 unresolved externals
     1>Done Building Project "C:\Users\yum\Documents\GitHub\ThdynCalcPackDLL\ICEDll20Sim\ICEDll20Sim\ICEDll20Sim.vcxproj" (Build target(s)) -- FAILED.

Build FAILED.

Time Elapsed 00:00:00.21
