Build started 2014-05-18 오전 2:10:55.
     1>Project "E:\DBox\Dropbox\Study\Model Library\Code\ThermodynamicCalculation - Copy\DLL_ICElib\DLL_ICElib.vcxproj" on node 2 (build target(s)).
     1>InitializeBuildStatus:
         Creating "Debug\DLL_ICElib.unsuccessfulbuild" because "AlwaysCreate" was specified.
       MessageBuildingWithCompiler:
         Building with Intel(R) C++ Compiler XE 12.1
       ClCompile:
         ***** ClCompile (Win32 - Intel C++)
         C:\Program Files (x86)\Intel\Composer XE 2011 SP1\bin\ia32\icl.exe /c /Qvc10 /Qlocation,link,"$(VCInstallDir)\bin" /ZI /nologo /W3 /Od /Qftz- /D WIN32 /D _DEBUG /D _WINDOWS /D _USRDLL /D DLL_ICELIB_EXPORTS /D _WINDLL /D _UNICODE /D UNICODE /EHsc /RTC1 /MDd /GS /fp:precise /Zc:wchar_t /Zc:forScope /Fo"Debug\\" /Fd"Debug\vc100.pdb" /Gd /TP DLLsrc.cpp
         DLLsrc.cpp
         C:\Program Files (x86)\Intel\Composer XE 2011 SP1\bin\ia32\icl.exe /c /Qvc10 /Qlocation,link,"$(VCInstallDir)\bin" /ZI /nologo /W3 /Od /Qftz- /D WIN32 /D _DEBUG /D _WINDOWS /D _USRDLL /D DLL_ICELIB_EXPORTS /D _WINDLL /D _UNICODE /D UNICODE /EHsc /RTC1 /MDd /GS /fp:precise /Zc:wchar_t /Zc:forScope /Fo"Debug\\" /Fd"Debug\vc100.pdb" /Gd /TC Get3Wiebe.c Get3WiebePara.c GetAirDensity.c GetAirThermalConduct.c GetAirViscosity.c GetCompCombGas.c GetCompCombGas_initialize.c GetCompCombGas_rtwutil.c GetCompCombGas_terminate.c GetCompleteComb.c GetDensityHCVapor.c GetDiffusivityHCVaporToAir.c GetEquilGrill.c GetFuelPropertyN_Dodecane.c GetHTCoeffHTX.c GetIdealNozzleFlow.c GetPTF.c GetPTx.c GetROHRDyn.c GetThdynCombGasZach.c GetThermalPropertyHCVaporReal.c GetThermoDynProp.c GetTxV.c GetT_atm_p.c GetViscosityHCVapor.c rdivide.c rtGetInf.c rtGetNaN.c rt_nonfinite.c sum.c
         Get3Wiebe.c
         Get3WiebePara.c
         GetAirDensity.c
         GetAirThermalConduct.c
         GetAirViscosity.c
         GetCompCombGas.c
         GetCompCombGas_initialize.c
         GetCompCombGas_rtwutil.c
         GetCompCombGas_terminate.c
         GetCompleteComb.c
         GetDensityHCVapor.c
         GetDiffusivityHCVaporToAir.c
         GetEquilGrill.c
         GetFuelPropertyN_Dodecane.c
         GetHTCoeffHTX.c
         GetIdealNozzleFlow.c
         GetPTF.c
         GetPTx.c
         GetROHRDyn.c
         GetThdynCombGasZach.c
         GetThermalPropertyHCVaporReal.c
         GetThermoDynProp.c
         GetTxV.c
         GetT_atm_p.c
         GetViscosityHCVapor.c
         rdivide.c
         rtGetInf.c
         rtGetNaN.c
         rt_nonfinite.c
         sum.c
       ManifestResourceCompile:
         C:\Program Files (x86)\Microsoft SDKs\Windows\v7.0A\bin\rc.exe /fo"Debug\DLL_ICElib.dll.embed.manifest.res" Debug\DLL_ICElib_manifest.rc 
         Microsoft (R) Windows (R) Resource Compiler Version 6.1.7600.16385
         
         Copyright (C) Microsoft Corporation.  All rights reserved.
         
         
       Link:
         C:\Program Files (x86)\Intel\Composer XE 2011 SP1\bin\ia32\xilink.exe /OUT:"E:\DBox\Dropbox\Study\Model Library\Code\ThermodynamicCalculation - Copy\Debug\DLL_ICElib.dll" /INCREMENTAL /NOLOGO FortranTermoLib.lib kernel32.lib user32.lib gdi32.lib winspool.lib comdlg32.lib advapi32.lib shell32.lib ole32.lib oleaut32.lib uuid.lib odbc32.lib odbccp32.lib kernel32.lib user32.lib gdi32.lib winspool.lib comdlg32.lib advapi32.lib shell32.lib ole32.lib oleaut32.lib uuid.lib odbc32.lib odbccp32.lib /NODEFAULTLIB:MSVCRTD.lib /MANIFEST /ManifestFile:"Debug\DLL_ICElib.dll.intermediate.manifest" /MANIFESTUAC:"level='asInvoker' uiAccess='false'" /DEBUG /PDB:"E:\DBox\Dropbox\Study\Model Library\Code\ThermodynamicCalculation - Copy\Debug\DLL_ICElib.pdb" /SUBSYSTEM:WINDOWS /TLBID:1 /DYNAMICBASE /NXCOMPAT /IMPLIB:"E:\DBox\Dropbox\Study\Model Library\Code\ThermodynamicCalculation - Copy\Debug\DLL_ICElib.lib" /MACHINE:X86 /DLL Debug\DLL_ICElib.dll.embed.manifest.res
         Debug\DLLsrc.obj
         Debug\Get3Wiebe.obj
         Debug\Get3WiebePara.obj
         Debug\GetAirDensity.obj
         Debug\GetAirThermalConduct.obj
         Debug\GetAirViscosity.obj
         Debug\GetCompCombGas.obj
         Debug\GetCompCombGas_initialize.obj
         Debug\GetCompCombGas_rtwutil.obj
         Debug\GetCompCombGas_terminate.obj
         Debug\GetCompleteComb.obj
         Debug\GetDensityHCVapor.obj
         Debug\GetDiffusivityHCVaporToAir.obj
         Debug\GetEquilGrill.obj
         Debug\GetFuelPropertyN_Dodecane.obj
         Debug\GetHTCoeffHTX.obj
         Debug\GetIdealNozzleFlow.obj
         Debug\GetPTF.obj
         Debug\GetPTx.obj
         Debug\GetROHRDyn.obj
         Debug\GetThdynCombGasZach.obj
         Debug\GetThermalPropertyHCVaporReal.obj
         Debug\GetThermoDynProp.obj
         Debug\GetTxV.obj
         Debug\GetT_atm_p.obj
         Debug\GetViscosityHCVapor.obj
         Debug\rdivide.obj
         Debug\rtGetInf.obj
         Debug\rtGetNaN.obj
         Debug\rt_nonfinite.obj
         Debug\sum.obj
         xilink: executing 'link'
            Creating library E:\DBox\Dropbox\Study\Model Library\Code\ThermodynamicCalculation - Copy\Debug\DLL_ICElib.lib and object E:\DBox\Dropbox\Study\Model Library\Code\ThermodynamicCalculation - Copy\Debug\DLL_ICElib.exp
       Manifest:
         C:\Program Files (x86)\Microsoft SDKs\Windows\v7.0A\bin\mt.exe /nologo /verbose /out:"Debug\DLL_ICElib.dll.embed.manifest" /manifest Debug\DLL_ICElib.dll.intermediate.manifest
         C:\Program Files (x86)\Microsoft SDKs\Windows\v7.0A\bin\rc.exe /fo"Debug\DLL_ICElib.dll.embed.manifest.res" Debug\DLL_ICElib_manifest.rc 
         Microsoft (R) Windows (R) Resource Compiler Version 6.1.7600.16385
         
         Copyright (C) Microsoft Corporation.  All rights reserved.
         
         
       LinkEmbedManifest:
         C:\Program Files (x86)\Intel\Composer XE 2011 SP1\bin\ia32\xilink.exe /OUT:"E:\DBox\Dropbox\Study\Model Library\Code\ThermodynamicCalculation - Copy\Debug\DLL_ICElib.dll" /INCREMENTAL /NOLOGO FortranTermoLib.lib kernel32.lib user32.lib gdi32.lib winspool.lib comdlg32.lib advapi32.lib shell32.lib ole32.lib oleaut32.lib uuid.lib odbc32.lib odbccp32.lib kernel32.lib user32.lib gdi32.lib winspool.lib comdlg32.lib advapi32.lib shell32.lib ole32.lib oleaut32.lib uuid.lib odbc32.lib odbccp32.lib /NODEFAULTLIB:MSVCRTD.lib /MANIFEST /ManifestFile:"Debug\DLL_ICElib.dll.intermediate.manifest" /MANIFESTUAC:"level='asInvoker' uiAccess='false'" /DEBUG /PDB:"E:\DBox\Dropbox\Study\Model Library\Code\ThermodynamicCalculation - Copy\Debug\DLL_ICElib.pdb" /SUBSYSTEM:WINDOWS /TLBID:1 /DYNAMICBASE /NXCOMPAT /IMPLIB:"E:\DBox\Dropbox\Study\Model Library\Code\ThermodynamicCalculation - Copy\Debug\DLL_ICElib.lib" /MACHINE:X86 /DLL Debug\DLL_ICElib.dll.embed.manifest.res
         Debug\DLLsrc.obj
         Debug\Get3Wiebe.obj
         Debug\Get3WiebePara.obj
         Debug\GetAirDensity.obj
         Debug\GetAirThermalConduct.obj
         Debug\GetAirViscosity.obj
         Debug\GetCompCombGas.obj
         Debug\GetCompCombGas_initialize.obj
         Debug\GetCompCombGas_rtwutil.obj
         Debug\GetCompCombGas_terminate.obj
         Debug\GetCompleteComb.obj
         Debug\GetDensityHCVapor.obj
         Debug\GetDiffusivityHCVaporToAir.obj
         Debug\GetEquilGrill.obj
         Debug\GetFuelPropertyN_Dodecane.obj
         Debug\GetHTCoeffHTX.obj
         Debug\GetIdealNozzleFlow.obj
         Debug\GetPTF.obj
         Debug\GetPTx.obj
         Debug\GetROHRDyn.obj
         Debug\GetThdynCombGasZach.obj
         Debug\GetThermalPropertyHCVaporReal.obj
         Debug\GetThermoDynProp.obj
         Debug\GetTxV.obj
         Debug\GetT_atm_p.obj
         Debug\GetViscosityHCVapor.obj
         Debug\rdivide.obj
         Debug\rtGetInf.obj
         Debug\rtGetNaN.obj
         Debug\rt_nonfinite.obj
         Debug\sum.obj
         xilink: executing 'link'
            Creating library E:\DBox\Dropbox\Study\Model Library\Code\ThermodynamicCalculation - Copy\Debug\DLL_ICElib.lib and object E:\DBox\Dropbox\Study\Model Library\Code\ThermodynamicCalculation - Copy\Debug\DLL_ICElib.exp
         DLL_ICElib.vcxproj -> E:\DBox\Dropbox\Study\Model Library\Code\ThermodynamicCalculation - Copy\Debug\DLL_ICElib.dll
       FinalizeBuildStatus:
         Deleting file "Debug\DLL_ICElib.unsuccessfulbuild".
         Touching "Debug\DLL_ICElib.lastbuildstate".
     1>Done Building Project "E:\DBox\Dropbox\Study\Model Library\Code\ThermodynamicCalculation - Copy\DLL_ICElib\DLL_ICElib.vcxproj" (build target(s)).

Build succeeded.

Time Elapsed 00:00:05.57
