Build started 12/20/2016 8:37:11 PM.
     1>Project "C:\Users\yum\Documents\GitHub\ThdynCalcPackDLL\ICEDll20Sim\ICEDll20Sim\ICEDll20Sim.vcxproj" on node 2 (build target(s)).
       Project file contains ToolsVersion="14.0". This toolset may be unknown or missing, in which case you may be able to resolve this by installing the appropriate version of MSBuild, or the build may have been forced to a particular ToolsVersion for policy reasons. Treating the project as if it had ToolsVersion="4.0". For more information, please see http://go.microsoft.com/fwlink/?LinkId=291333.
     1>InitializeBuildStatus:
         Creating "x64\Debug\ICEDll20Sim.unsuccessfulbuild" because "AlwaysCreate" was specified.
       ClCompile:
         d:\Program Files (x86)\Microsoft Visual Studio 10.0\VC\bin\x86_amd64\CL.exe /c /Zi /nologo /W3 /WX- /Od /D _DEBUG /D _WINDOWS /D _USRDLL /D ICEDLL20SIM_EXPORTS /D _WINDLL /D _UNICODE /D UNICODE /Gm /EHsc /RTC1 /MDd /GS /fp:precise /Zc:wchar_t /Zc:forScope /Fo"x64\Debug\\" /Fd"x64\Debug\vc100.pdb" /Gd /TP /errorReport:prompt ICEDll20Sim.cpp subroutines\GetPTFSimple.cpp
         GetPTFSimple.cpp
         ICEDll20Sim.cpp
         Generating Code...
       ManifestResourceCompile:
         All outputs are up-to-date.
       Link:
         d:\Program Files (x86)\Microsoft Visual Studio 10.0\VC\bin\x86_amd64\link.exe /ERRORREPORT:PROMPT /OUT:"C:\Users\yum\Documents\GitHub\ThdynCalcPackDLL\ICEDll20Sim\x64\Debug\ICEDll20Sim.dll" /INCREMENTAL /NOLOGO /LIBPATH:"C:\Program Files (x86)\Intel\Composer XE 2011 SP1\compiler\lib\ia32" /LIBPATH:C:\Users\yum\Documents\GitHub\ThdynCalcPackDLL\ICELibFor\ICELibFor\Release kernel32.lib user32.lib gdi32.lib winspool.lib comdlg32.lib advapi32.lib shell32.lib ole32.lib oleaut32.lib uuid.lib odbc32.lib odbccp32.lib /MANIFEST /ManifestFile:"x64\Debug\ICEDll20Sim.dll.intermediate.manifest" /MANIFESTUAC:"level='asInvoker' uiAccess='false'" /DEBUG /PDB:"C:\Users\yum\Documents\GitHub\ThdynCalcPackDLL\ICEDll20Sim\x64\Debug\ICEDll20Sim.pdb" /SUBSYSTEM:WINDOWS /TLBID:1 /DYNAMICBASE /NXCOMPAT /IMPLIB:"C:\Users\yum\Documents\GitHub\ThdynCalcPackDLL\ICEDll20Sim\x64\Debug\ICEDll20Sim.lib" /MACHINE:X64 /DLL x64\Debug\ICEDll20Sim.dll.embed.manifest.res
         x64\Debug\ICEDll20Sim.obj
         x64\Debug\compressor_calc_PTF.obj
         x64\Debug\dNOx.obj
         x64\Debug\GetAirDensity.obj
         x64\Debug\GetAirThermalConduct.obj
         x64\Debug\GetAirViscosity.obj
         x64\Debug\GetCompCombGas.obj
         x64\Debug\GetCompleteComb.obj
         x64\Debug\GetCorrAirComp.obj
         x64\Debug\GetDensityHCVapor.obj
         x64\Debug\GetDiffusivityHCVaporToAir.obj
         x64\Debug\GetEquilGrill.obj
         x64\Debug\GetEquilOlikara.obj
         x64\Debug\GetFuelPropertyN_Dodecane.obj
         x64\Debug\GetHTCoeffHTX.obj
         x64\Debug\GetIdealNozzleFlow.obj
         x64\Debug\GetIdealNozzleFlowPTF.obj
         x64\Debug\GetMEMbZach.obj
         x64\Debug\GetPTF.obj
         x64\Debug\GetPTFSimple.obj
         x64\Debug\GetPTFV1.obj
         x64\Debug\GetPTx.obj
         x64\Debug\GetTFromPhF.obj
         x64\Debug\GetThdynCombGasZach.obj
         x64\Debug\GetThdynCombGasZachV1.obj
         x64\Debug\GetThermalPropertyHCVaporReal.obj
         x64\Debug\GetThermoDynProp.obj
         x64\Debug\GetThermoDynPropPartial.obj
         x64\Debug\GetTotalStaticPT.obj
         x64\Debug\GetT_atm_p.obj
         x64\Debug\GetViscosityHCVapor.obj
         x64\Debug\KpNASA7_upper.obj
         x64\Debug\mldivide.obj
         x64\Debug\power.obj
         x64\Debug\rdivide.obj
         x64\Debug\rtGetInf.obj
         x64\Debug\rtGetNaN.obj
         x64\Debug\rt_nonfinite.obj
         x64\Debug\sqrt.obj
         x64\Debug\ThdynPack_data.obj
         x64\Debug\ThdynPack_initialize.obj
         x64\Debug\ThdynPack_rtwutil.obj
         x64\Debug\ThdynPack_terminate.obj
            Creating library C:\Users\yum\Documents\GitHub\ThdynCalcPackDLL\ICEDll20Sim\x64\Debug\ICEDll20Sim.lib and object C:\Users\yum\Documents\GitHub\ThdynCalcPackDLL\ICEDll20Sim\x64\Debug\ICEDll20Sim.exp
         ICEDll20Sim.vcxproj -> C:\Users\yum\Documents\GitHub\ThdynCalcPackDLL\ICEDll20Sim\x64\Debug\ICEDll20Sim.dll
       Manifest:
         C:\Program Files (x86)\Microsoft SDKs\Windows\v7.0A\bin\mt.exe /nologo /verbose /out:"x64\Debug\ICEDll20Sim.dll.embed.manifest" /manifest x64\Debug\ICEDll20Sim.dll.intermediate.manifest
         All outputs are up-to-date.
       LinkEmbedManifest:
         All outputs are up-to-date.
         ICEDll20Sim.vcxproj -> C:\Users\yum\Documents\GitHub\ThdynCalcPackDLL\ICEDll20Sim\x64\Debug\ICEDll20Sim.dll
       FinalizeBuildStatus:
         Deleting file "x64\Debug\ICEDll20Sim.unsuccessfulbuild".
         Touching "x64\Debug\ICEDll20Sim.lastbuildstate".
     1>Done Building Project "C:\Users\yum\Documents\GitHub\ThdynCalcPackDLL\ICEDll20Sim\ICEDll20Sim\ICEDll20Sim.vcxproj" (build target(s)).

Build succeeded.

Time Elapsed 00:00:02.44
