Build started 10/30/2015 9:11:49 AM.
     1>Project "C:\Users\yum\Documents\GitHub\ThdynCalcPackDLL\DllICELib\DLL_ICElib\DLL_ICElib.vcxproj" on node 2 (build target(s)).
     1>InitializeBuildStatus:
         Creating "Debug\DLL_ICElib.unsuccessfulbuild" because "AlwaysCreate" was specified.
       MessageBuildingWithCompiler:
         Building with Intel(R) C++ Compiler XE 12.1
       ClCompile:
         ***** ClCompile (Win32 - Intel C++)
         C:\Program Files (x86)\Intel\Composer XE 2011 SP1\bin\ia32\icl.exe /c /Qvc10 /Qlocation,link,"$(VCInstallDir)\bin" /ZI /nologo /W3 /Od /Qftz- /D WIN32 /D _DEBUG /D _WINDOWS /D _USRDLL /D DLL_ICELIB_EXPORTS /D _WINDLL /D _UNICODE /D UNICODE /EHsc /RTC1 /MDd /GS /fp:precise /Zc:wchar_t /Zc:forScope /Fo"Debug\\" /Fd"Debug\vc100.pdb" /Gd /TP DLLsrc.cpp
         DLLsrc.cpp
       ManifestResourceCompile:
         All outputs are up-to-date.
       Link:
         C:\Program Files (x86)\Intel\Composer XE 2011 SP1\bin\ia32\xilink.exe /OUT:"C:\Users\yum\Documents\GitHub\ThdynCalcPackDLL\DllICELib\Debug\DLL_ICElib.dll" /INCREMENTAL /NOLOGO /LIBPATH:C:\Users\yum\Documents\GitHub\ThdynCalcPackDLL\DllICELib\FortranTermoLib\Debug FortranTermoLib.lib kernel32.lib user32.lib gdi32.lib winspool.lib comdlg32.lib advapi32.lib shell32.lib ole32.lib oleaut32.lib uuid.lib odbc32.lib odbccp32.lib kernel32.lib user32.lib gdi32.lib winspool.lib comdlg32.lib advapi32.lib shell32.lib ole32.lib oleaut32.lib uuid.lib odbc32.lib odbccp32.lib /NODEFAULTLIB:MSVCRTD.lib /MANIFEST /ManifestFile:"Debug\DLL_ICElib.dll.intermediate.manifest" /MANIFESTUAC:"level='asInvoker' uiAccess='false'" /DEBUG /PDB:"C:\Users\yum\Documents\GitHub\ThdynCalcPackDLL\DllICELib\Debug\DLL_ICElib.pdb" /SUBSYSTEM:WINDOWS /TLBID:1 /DYNAMICBASE /NXCOMPAT /IMPLIB:"C:\Users\yum\Documents\GitHub\ThdynCalcPackDLL\DllICELib\Debug\DLL_ICElib.lib" /MACHINE:X86 /DLL Debug\DLL_ICElib.dll.embed.manifest.res
         Debug\DLLsrc.obj
         Debug\GetAirDensity.obj
         Debug\GetAirThermalConduct.obj
         Debug\GetAirViscosity.obj
         Debug\GetCompCombGas.obj
         Debug\GetCompleteComb.obj
         Debug\GetDensityHCVapor.obj
         Debug\GetDiffusivityHCVaporToAir.obj
         Debug\GetEquilGrill.obj
         Debug\GetFuelPropertyN_Dodecane.obj
         Debug\GetHTCoeffHTX.obj
         Debug\GetIdealNozzleFlowPTF.obj
         Debug\GetPTFV1.obj
         Debug\GetPTx.obj
         Debug\GetTFromPhF.obj
         Debug\GetThdynCombGasZach.obj
         Debug\GetThdynCombGasZachV1.obj
         Debug\GetThermalPropertyHCVaporReal.obj
         Debug\GetThermoDynProp.obj
         Debug\GetT_atm_p.obj
         Debug\GetViscosityHCVapor.obj
         Debug\power.obj
         Debug\rdivide.obj
         Debug\rtGetInf.obj
         Debug\rtGetNaN.obj
         Debug\rt_nonfinite.obj
         Debug\sqrt.obj
         Debug\ThdynPack_data.obj
         Debug\ThdynPack_rtwutil.obj
         xilink: executing 'link'
            Creating library C:\Users\yum\Documents\GitHub\ThdynCalcPackDLL\DllICELib\Debug\DLL_ICElib.lib and object C:\Users\yum\Documents\GitHub\ThdynCalcPackDLL\DllICELib\Debug\DLL_ICElib.exp
       Manifest:
         C:\Program Files (x86)\Microsoft SDKs\Windows\v7.0A\bin\mt.exe /nologo /verbose /out:"Debug\DLL_ICElib.dll.embed.manifest" /manifest Debug\DLL_ICElib.dll.intermediate.manifest
         All outputs are up-to-date.
       LinkEmbedManifest:
         All outputs are up-to-date.
         DLL_ICElib.vcxproj -> C:\Users\yum\Documents\GitHub\ThdynCalcPackDLL\DllICELib\Debug\DLL_ICElib.dll
       FinalizeBuildStatus:
         Deleting file "Debug\DLL_ICElib.unsuccessfulbuild".
         Touching "Debug\DLL_ICElib.lastbuildstate".
     1>Done Building Project "C:\Users\yum\Documents\GitHub\ThdynCalcPackDLL\DllICELib\DLL_ICElib\DLL_ICElib.vcxproj" (build target(s)).

Build succeeded.

Time Elapsed 00:00:02.50
