C:\USERS\YUM\DOCUMENTS\GITHUB\THDYNCALCPACKDLL\DLLICELIB\DEBUG\DLL_ICELIB.DLL
C:\USERS\YUM\DOCUMENTS\GITHUB\THDYNCALCPACKDLL\DLLICELIB\DEBUG\DLL_ICELIB.EXP
C:\USERS\YUM\DOCUMENTS\GITHUB\THDYNCALCPACKDLL\DLLICELIB\DEBUG\DLL_ICELIB.ILK
C:\USERS\YUM\DOCUMENTS\GITHUB\THDYNCALCPACKDLL\DLLICELIB\DEBUG\DLL_ICELIB.LIB
C:\Users\yum\Documents\GitHub\ThdynCalcPackDLL\DllICELib\Debug\DLL_ICElib.pdb
C:\USERS\YUM\DOCUMENTS\GITHUB\THDYNCALCPACKDLL\DLLICELIB\DLL_ICELIB\DEBUG\DLL_ICELIB.DLL.EMBED.MANIFEST
C:\USERS\YUM\DOCUMENTS\GITHUB\THDYNCALCPACKDLL\DLLICELIB\DLL_ICELIB\DEBUG\DLL_ICELIB.DLL.EMBED.MANIFEST.RES
C:\USERS\YUM\DOCUMENTS\GITHUB\THDYNCALCPACKDLL\DLLICELIB\DLL_ICELIB\DEBUG\DLL_ICELIB.DLL.INTERMEDIATE.MANIFEST
C:\Users\yum\Documents\GitHub\ThdynCalcPackDLL\DllICELib\DLL_ICElib\Debug\DLL_ICElib.write.1.tlog
C:\Users\yum\Documents\GitHub\ThdynCalcPackDLL\DllICELib\DLL_ICElib\Debug\DLL_ICElib_manifest.rc
C:\USERS\YUM\DOCUMENTS\GITHUB\THDYNCALCPACKDLL\DLLICELIB\DLL_ICELIB\DEBUG\DLLSRC.OBJ
C:\USERS\YUM\DOCUMENTS\GITHUB\THDYNCALCPACKDLL\DLLICELIB\DLL_ICELIB\DEBUG\GETAIRDENSITY.OBJ
C:\USERS\YUM\DOCUMENTS\GITHUB\THDYNCALCPACKDLL\DLLICELIB\DLL_ICELIB\DEBUG\GETAIRTHERMALCONDUCT.OBJ
C:\USERS\YUM\DOCUMENTS\GITHUB\THDYNCALCPACKDLL\DLLICELIB\DLL_ICELIB\DEBUG\GETAIRVISCOSITY.OBJ
C:\USERS\YUM\DOCUMENTS\GITHUB\THDYNCALCPACKDLL\DLLICELIB\DLL_ICELIB\DEBUG\GETCOMPCOMBGAS.OBJ
C:\USERS\YUM\DOCUMENTS\GITHUB\THDYNCALCPACKDLL\DLLICELIB\DLL_ICELIB\DEBUG\GETCOMPLETECOMB.OBJ
C:\USERS\YUM\DOCUMENTS\GITHUB\THDYNCALCPACKDLL\DLLICELIB\DLL_ICELIB\DEBUG\GETDENSITYHCVAPOR.OBJ
C:\USERS\YUM\DOCUMENTS\GITHUB\THDYNCALCPACKDLL\DLLICELIB\DLL_ICELIB\DEBUG\GETDIFFUSIVITYHCVAPORTOAIR.OBJ
C:\USERS\YUM\DOCUMENTS\GITHUB\THDYNCALCPACKDLL\DLLICELIB\DLL_ICELIB\DEBUG\GETEQUILGRILL.OBJ
C:\USERS\YUM\DOCUMENTS\GITHUB\THDYNCALCPACKDLL\DLLICELIB\DLL_ICELIB\DEBUG\GETFUELPROPERTYN_DODECANE.OBJ
C:\USERS\YUM\DOCUMENTS\GITHUB\THDYNCALCPACKDLL\DLLICELIB\DLL_ICELIB\DEBUG\GETHTCOEFFHTX.OBJ
C:\USERS\YUM\DOCUMENTS\GITHUB\THDYNCALCPACKDLL\DLLICELIB\DLL_ICELIB\DEBUG\GETIDEALNOZZLEFLOWPTF.OBJ
C:\USERS\YUM\DOCUMENTS\GITHUB\THDYNCALCPACKDLL\DLLICELIB\DLL_ICELIB\DEBUG\GETPTFV1.OBJ
C:\USERS\YUM\DOCUMENTS\GITHUB\THDYNCALCPACKDLL\DLLICELIB\DLL_ICELIB\DEBUG\GETPTX.OBJ
C:\USERS\YUM\DOCUMENTS\GITHUB\THDYNCALCPACKDLL\DLLICELIB\DLL_ICELIB\DEBUG\GETT_ATM_P.OBJ
C:\USERS\YUM\DOCUMENTS\GITHUB\THDYNCALCPACKDLL\DLLICELIB\DLL_ICELIB\DEBUG\GETTFROMPHF.OBJ
C:\USERS\YUM\DOCUMENTS\GITHUB\THDYNCALCPACKDLL\DLLICELIB\DLL_ICELIB\DEBUG\GETTHDYNCOMBGASZACH.OBJ
C:\USERS\YUM\DOCUMENTS\GITHUB\THDYNCALCPACKDLL\DLLICELIB\DLL_ICELIB\DEBUG\GETTHDYNCOMBGASZACHV1.OBJ
C:\USERS\YUM\DOCUMENTS\GITHUB\THDYNCALCPACKDLL\DLLICELIB\DLL_ICELIB\DEBUG\GETTHERMALPROPERTYHCVAPORREAL.OBJ
C:\USERS\YUM\DOCUMENTS\GITHUB\THDYNCALCPACKDLL\DLLICELIB\DLL_ICELIB\DEBUG\GETTHERMODYNPROP.OBJ
C:\USERS\YUM\DOCUMENTS\GITHUB\THDYNCALCPACKDLL\DLLICELIB\DLL_ICELIB\DEBUG\GETVISCOSITYHCVAPOR.OBJ
C:\Users\yum\Documents\GitHub\ThdynCalcPackDLL\DllICELib\DLL_ICElib\Debug\icl.command.1.tlog
C:\Users\yum\Documents\GitHub\ThdynCalcPackDLL\DllICELib\DLL_ICElib\Debug\icl.read.1.tlog
C:\Users\yum\Documents\GitHub\ThdynCalcPackDLL\DllICELib\DLL_ICElib\Debug\icl.write.1.tlog
C:\Users\yum\Documents\GitHub\ThdynCalcPackDLL\DllICELib\DLL_ICElib\Debug\icl-mcpcom.read.1.tlog
C:\Users\yum\Documents\GitHub\ThdynCalcPackDLL\DllICELib\DLL_ICElib\Debug\icl-mcpcom.write.1.tlog
C:\Users\yum\Documents\GitHub\ThdynCalcPackDLL\DllICELib\DLL_ICElib\Debug\mt.command.1.tlog
C:\Users\yum\Documents\GitHub\ThdynCalcPackDLL\DllICELib\DLL_ICElib\Debug\mt.read.1.tlog
C:\Users\yum\Documents\GitHub\ThdynCalcPackDLL\DllICELib\DLL_ICElib\Debug\mt.write.1.tlog
C:\USERS\YUM\DOCUMENTS\GITHUB\THDYNCALCPACKDLL\DLLICELIB\DLL_ICELIB\DEBUG\POWER.OBJ
C:\Users\yum\Documents\GitHub\ThdynCalcPackDLL\DllICELib\DLL_ICElib\Debug\rc.command.1.tlog
C:\Users\yum\Documents\GitHub\ThdynCalcPackDLL\DllICELib\DLL_ICElib\Debug\rc.read.1.tlog
C:\Users\yum\Documents\GitHub\ThdynCalcPackDLL\DllICELib\DLL_ICElib\Debug\rc.write.1.tlog
C:\USERS\YUM\DOCUMENTS\GITHUB\THDYNCALCPACKDLL\DLLICELIB\DLL_ICELIB\DEBUG\RDIVIDE.OBJ
C:\USERS\YUM\DOCUMENTS\GITHUB\THDYNCALCPACKDLL\DLLICELIB\DLL_ICELIB\DEBUG\RT_NONFINITE.OBJ
C:\USERS\YUM\DOCUMENTS\GITHUB\THDYNCALCPACKDLL\DLLICELIB\DLL_ICELIB\DEBUG\RTGETINF.OBJ
C:\USERS\YUM\DOCUMENTS\GITHUB\THDYNCALCPACKDLL\DLLICELIB\DLL_ICELIB\DEBUG\RTGETNAN.OBJ
C:\USERS\YUM\DOCUMENTS\GITHUB\THDYNCALCPACKDLL\DLLICELIB\DLL_ICELIB\DEBUG\SQRT.OBJ
C:\USERS\YUM\DOCUMENTS\GITHUB\THDYNCALCPACKDLL\DLLICELIB\DLL_ICELIB\DEBUG\THDYNPACK_DATA.OBJ
C:\USERS\YUM\DOCUMENTS\GITHUB\THDYNCALCPACKDLL\DLLICELIB\DLL_ICELIB\DEBUG\THDYNPACK_RTWUTIL.OBJ
C:\USERS\YUM\DOCUMENTS\GITHUB\THDYNCALCPACKDLL\DLLICELIB\DLL_ICELIB\DEBUG\VC100.PDB
C:\Users\yum\Documents\GitHub\ThdynCalcPackDLL\DllICELib\DLL_ICElib\Debug\xilink.command.1.tlog
C:\Users\yum\Documents\GitHub\ThdynCalcPackDLL\DllICELib\DLL_ICElib\Debug\xilink.read.1.tlog
C:\Users\yum\Documents\GitHub\ThdynCalcPackDLL\DllICELib\DLL_ICElib\Debug\xilink.write.1.tlog
C:\Users\yum\Documents\GitHub\ThdynCalcPackDLL\DllICELib\DLL_ICElib\Debug\xilink-link.16068.read.1.tlog
C:\Users\yum\Documents\GitHub\ThdynCalcPackDLL\DllICELib\DLL_ICElib\Debug\xilink-link.16068.write.1.tlog
C:\Users\yum\Documents\GitHub\ThdynCalcPackDLL\DllICELib\DLL_ICElib\Debug\xilink-link.16068-cvtres.read.1.tlog
C:\Users\yum\Documents\GitHub\ThdynCalcPackDLL\DllICELib\DLL_ICElib\Debug\xilink-link.16068-cvtres.write.1.tlog
C:\Users\yum\Documents\GitHub\ThdynCalcPackDLL\DllICELib\DLL_ICElib\Debug\xilink-link.read.1.tlog
C:\Users\yum\Documents\GitHub\ThdynCalcPackDLL\DllICELib\DLL_ICElib\Debug\xilink-link.write.1.tlog
C:\Users\yum\Documents\GitHub\ThdynCalcPackDLL\DllICELib\DLL_ICElib\Debug\xilink-link-cvtres.read.1.tlog
C:\Users\yum\Documents\GitHub\ThdynCalcPackDLL\DllICELib\DLL_ICElib\Debug\xilink-link-cvtres.write.1.tlog
C:\Users\yum\Documents\GitHub\ThdynCalcPackDLL\DllICELib\DLL_ICElib\Debug\xilink-mcpcom.read.1.tlog
C:\Users\yum\Documents\GitHub\ThdynCalcPackDLL\DllICELib\DLL_ICElib\Debug\xilink-mcpcom.write.1.tlog
