C:\USERS\YUM\DOCUMENTS\GITHUB\THDYNCALCPACKDLL\DLLICELIB\DLL_ICELIB\RELEASE\DLL_ICELIB.DLL.INTERMEDIATE.MANIFEST
C:\Users\yum\Documents\GitHub\ThdynCalcPackDLL\DllICELib\DLL_ICElib\Release\DLL_ICElib.vcxprojResolveAssemblyReference.cache
C:\Users\yum\Documents\GitHub\ThdynCalcPackDLL\DllICELib\DLL_ICElib\Release\DLL_ICElib.write.1.tlog
C:\USERS\YUM\DOCUMENTS\GITHUB\THDYNCALCPACKDLL\DLLICELIB\DLL_ICELIB\RELEASE\DLLSRC.OBJ
C:\USERS\YUM\DOCUMENTS\GITHUB\THDYNCALCPACKDLL\DLLICELIB\DLL_ICELIB\RELEASE\GETAIRDENSITY.OBJ
C:\USERS\YUM\DOCUMENTS\GITHUB\THDYNCALCPACKDLL\DLLICELIB\DLL_ICELIB\RELEASE\GETAIRTHERMALCONDUCT.OBJ
C:\USERS\YUM\DOCUMENTS\GITHUB\THDYNCALCPACKDLL\DLLICELIB\DLL_ICELIB\RELEASE\GETAIRVISCOSITY.OBJ
C:\USERS\YUM\DOCUMENTS\GITHUB\THDYNCALCPACKDLL\DLLICELIB\DLL_ICELIB\RELEASE\GETCOMPCOMBGAS.OBJ
C:\USERS\YUM\DOCUMENTS\GITHUB\THDYNCALCPACKDLL\DLLICELIB\DLL_ICELIB\RELEASE\GETCOMPLETECOMB.OBJ
C:\USERS\YUM\DOCUMENTS\GITHUB\THDYNCALCPACKDLL\DLLICELIB\DLL_ICELIB\RELEASE\GETDENSITYHCVAPOR.OBJ
C:\USERS\YUM\DOCUMENTS\GITHUB\THDYNCALCPACKDLL\DLLICELIB\DLL_ICELIB\RELEASE\GETDIFFUSIVITYHCVAPORTOAIR.OBJ
C:\USERS\YUM\DOCUMENTS\GITHUB\THDYNCALCPACKDLL\DLLICELIB\DLL_ICELIB\RELEASE\GETEQUILGRILL.OBJ
C:\USERS\YUM\DOCUMENTS\GITHUB\THDYNCALCPACKDLL\DLLICELIB\DLL_ICELIB\RELEASE\GETFUELPROPERTYN_DODECANE.OBJ
C:\USERS\YUM\DOCUMENTS\GITHUB\THDYNCALCPACKDLL\DLLICELIB\DLL_ICELIB\RELEASE\GETHTCOEFFHTX.OBJ
C:\USERS\YUM\DOCUMENTS\GITHUB\THDYNCALCPACKDLL\DLLICELIB\DLL_ICELIB\RELEASE\GETIDEALNOZZLEFLOWPTF.OBJ
C:\USERS\YUM\DOCUMENTS\GITHUB\THDYNCALCPACKDLL\DLLICELIB\DLL_ICELIB\RELEASE\GETPTFV1.OBJ
C:\USERS\YUM\DOCUMENTS\GITHUB\THDYNCALCPACKDLL\DLLICELIB\DLL_ICELIB\RELEASE\GETPTX.OBJ
C:\USERS\YUM\DOCUMENTS\GITHUB\THDYNCALCPACKDLL\DLLICELIB\DLL_ICELIB\RELEASE\GETT_ATM_P.OBJ
C:\USERS\YUM\DOCUMENTS\GITHUB\THDYNCALCPACKDLL\DLLICELIB\DLL_ICELIB\RELEASE\GETTFROMPHF.OBJ
C:\USERS\YUM\DOCUMENTS\GITHUB\THDYNCALCPACKDLL\DLLICELIB\DLL_ICELIB\RELEASE\GETTHDYNCOMBGASZACH.OBJ
C:\USERS\YUM\DOCUMENTS\GITHUB\THDYNCALCPACKDLL\DLLICELIB\DLL_ICELIB\RELEASE\GETTHDYNCOMBGASZACHV1.OBJ
C:\USERS\YUM\DOCUMENTS\GITHUB\THDYNCALCPACKDLL\DLLICELIB\DLL_ICELIB\RELEASE\GETTHERMALPROPERTYHCVAPORREAL.OBJ
C:\USERS\YUM\DOCUMENTS\GITHUB\THDYNCALCPACKDLL\DLLICELIB\DLL_ICELIB\RELEASE\GETTHERMODYNPROP.OBJ
C:\USERS\YUM\DOCUMENTS\GITHUB\THDYNCALCPACKDLL\DLLICELIB\DLL_ICELIB\RELEASE\GETVISCOSITYHCVAPOR.OBJ
C:\Users\yum\Documents\GitHub\ThdynCalcPackDLL\DllICELib\DLL_ICElib\Release\icl.command.1.tlog
C:\Users\yum\Documents\GitHub\ThdynCalcPackDLL\DllICELib\DLL_ICElib\Release\icl.read.1.tlog
C:\Users\yum\Documents\GitHub\ThdynCalcPackDLL\DllICELib\DLL_ICElib\Release\icl.write.1.tlog
C:\Users\yum\Documents\GitHub\ThdynCalcPackDLL\DllICELib\DLL_ICElib\Release\icl-mcpcom.read.1.tlog
C:\Users\yum\Documents\GitHub\ThdynCalcPackDLL\DllICELib\DLL_ICElib\Release\icl-mcpcom.write.1.tlog
C:\Users\yum\Documents\GitHub\ThdynCalcPackDLL\DllICELib\DLL_ICElib\Release\mt.command.1.tlog
C:\Users\yum\Documents\GitHub\ThdynCalcPackDLL\DllICELib\DLL_ICElib\Release\mt.read.1.tlog
C:\Users\yum\Documents\GitHub\ThdynCalcPackDLL\DllICELib\DLL_ICElib\Release\mt.write.1.tlog
C:\USERS\YUM\DOCUMENTS\GITHUB\THDYNCALCPACKDLL\DLLICELIB\DLL_ICELIB\RELEASE\POWER.OBJ
C:\USERS\YUM\DOCUMENTS\GITHUB\THDYNCALCPACKDLL\DLLICELIB\DLL_ICELIB\RELEASE\RDIVIDE.OBJ
C:\USERS\YUM\DOCUMENTS\GITHUB\THDYNCALCPACKDLL\DLLICELIB\DLL_ICELIB\RELEASE\RT_NONFINITE.OBJ
C:\USERS\YUM\DOCUMENTS\GITHUB\THDYNCALCPACKDLL\DLLICELIB\DLL_ICELIB\RELEASE\RTGETINF.OBJ
C:\USERS\YUM\DOCUMENTS\GITHUB\THDYNCALCPACKDLL\DLLICELIB\DLL_ICELIB\RELEASE\RTGETNAN.OBJ
C:\USERS\YUM\DOCUMENTS\GITHUB\THDYNCALCPACKDLL\DLLICELIB\DLL_ICELIB\RELEASE\SQRT.OBJ
C:\USERS\YUM\DOCUMENTS\GITHUB\THDYNCALCPACKDLL\DLLICELIB\DLL_ICELIB\RELEASE\THDYNPACK_DATA.OBJ
C:\USERS\YUM\DOCUMENTS\GITHUB\THDYNCALCPACKDLL\DLLICELIB\DLL_ICELIB\RELEASE\THDYNPACK_RTWUTIL.OBJ
C:\Users\yum\Documents\GitHub\ThdynCalcPackDLL\DllICELib\DLL_ICElib\Release\xilink.command.1.tlog
C:\Users\yum\Documents\GitHub\ThdynCalcPackDLL\DllICELib\DLL_ICElib\Release\xilink.read.1.tlog
C:\Users\yum\Documents\GitHub\ThdynCalcPackDLL\DllICELib\DLL_ICElib\Release\xilink.write.1.tlog
C:\Users\yum\Documents\GitHub\ThdynCalcPackDLL\DllICELib\DLL_ICElib\Release\xilink-link.read.1.tlog
C:\Users\yum\Documents\GitHub\ThdynCalcPackDLL\DllICELib\DLL_ICElib\Release\xilink-link.write.1.tlog
C:\Users\yum\Documents\GitHub\ThdynCalcPackDLL\DllICELib\DLL_ICElib\Release\xilink-mcpcom.read.1.tlog
C:\Users\yum\Documents\GitHub\ThdynCalcPackDLL\DllICELib\DLL_ICElib\Release\xilink-mcpcom.write.1.tlog
C:\USERS\YUM\DOCUMENTS\GITHUB\THDYNCALCPACKDLL\DLLICELIB\RELEASE\DLL_ICELIB.DLL
C:\USERS\YUM\DOCUMENTS\GITHUB\THDYNCALCPACKDLL\DLLICELIB\RELEASE\DLL_ICELIB.EXP
C:\USERS\YUM\DOCUMENTS\GITHUB\THDYNCALCPACKDLL\DLLICELIB\RELEASE\DLL_ICELIB.LIB
C:\Users\yum\Documents\GitHub\ThdynCalcPackDLL\DllICELib\Release\DLL_ICElib.pdb
