Build started 10/27/2015 9:49:06 AM.
     1>Project "C:\Users\yum\Documents\GitHub\ThdynCalcPackDLL\ICEDll20Sim\ICEDll20Sim\ICEDll20Sim.vcxproj" on node 2 (Build target(s)).
     1>ClCompile:
         C:\Program Files (x86)\Microsoft Visual Studio 14.0\VC\bin\CL.exe /c /ZI /nologo /W3 /WX- /sdl /Od /Oy- /D WIN32 /D _DEBUG /D _WINDOWS /D _USRDLL /D ICEDLL20SIM_EXPORTS /D _WINDLL /D _UNICODE /D UNICODE /Gm /EHsc /RTC1 /MDd /GS /fp:precise /Zc:wchar_t /Zc:forScope /Zc:inline /Fo"Debug\\" /Fd"Debug\vc140.pdb" /Gd /TP /analyze- /errorReport:prompt subroutines\compressor_calc_PTF.cpp
         compressor_calc_PTF.cpp
       Link:
         C:\Program Files (x86)\Microsoft Visual Studio 14.0\VC\bin\link.exe /ERRORREPORT:PROMPT /OUT:"C:\Users\yum\Documents\GitHub\ThdynCalcPackDLL\ICEDll20Sim\Debug\ICEDll20Sim.dll" /INCREMENTAL /NOLOGO /LIBPATH:"C:\Program Files (x86)\Intel\Composer XE 2011 SP1\compiler\lib\ia32" /LIBPATH:C:\Users\yum\Documents\GitHub\ThdynCalcPackDLL\ICELibFor\ICELibFor\Release ICELibFor.lib kernel32.lib user32.lib gdi32.lib winspool.lib comdlg32.lib advapi32.lib shell32.lib ole32.lib oleaut32.lib uuid.lib odbc32.lib odbccp32.lib /MANIFEST /MANIFESTUAC:"level='asInvoker' uiAccess='false'" /manifest:embed /Debug /PDB:"C:\Users\yum\Documents\GitHub\ThdynCalcPackDLL\ICEDll20Sim\Debug\ICEDll20Sim.pdb" /SUBSYSTEM:WINDOWS /TLBID:1 /DYNAMICBASE /NXCOMPAT /IMPLIB:"C:\Users\yum\Documents\GitHub\ThdynCalcPackDLL\ICEDll20Sim\Debug\ICEDll20Sim.lib" /MACHINE:X86 /DLL Debug\ICEDll20Sim.obj
         Debug\compressor_calc_PTF.obj
         Debug\dNOx.obj
         Debug\GetAirDensity.obj
         Debug\GetAirThermalConduct.obj
         Debug\GetAirViscosity.obj
         Debug\GetCompCombGas.obj
         Debug\GetCompleteComb.obj
         Debug\GetCorrAirComp.obj
         Debug\GetDensityHCVapor.obj
         Debug\GetDiffusivityHCVaporToAir.obj
         Debug\GetEquilGrill.obj
         Debug\GetEquilOlikara.obj
         Debug\GetFuelPropertyN_Dodecane.obj
         Debug\GetHTCoeffHTX.obj
         Debug\GetIdealNozzleFlow.obj
         Debug\GetIdealNozzleFlowPTF.obj
         Debug\GetMEMbZach.obj
         Debug\GetPTF.obj
         Debug\GetPTFV1.obj
         Debug\GetPTx.obj
         Debug\GetTFromPhF.obj
         Debug\GetThdynCombGasZach.obj
         Debug\GetThdynCombGasZachV1.obj
         Debug\GetThermalPropertyHCVaporReal.obj
         Debug\GetThermoDynProp.obj
         Debug\GetThermoDynPropPartial.obj
         Debug\GetTotalStaticPT.obj
         Debug\GetT_atm_p.obj
         Debug\GetViscosityHCVapor.obj
         Debug\KpNASA7_upper.obj
         Debug\mldivide.obj
         Debug\power.obj
         Debug\rdivide.obj
         Debug\rtGetInf.obj
         Debug\rtGetNaN.obj
         Debug\rt_nonfinite.obj
         Debug\sqrt.obj
         Debug\ThdynPack_data.obj
         Debug\ThdynPack_initialize.obj
         Debug\ThdynPack_rtwutil.obj
         Debug\ThdynPack_terminate.obj
         ICEDll20Sim.vcxproj -> C:\Users\yum\Documents\GitHub\ThdynCalcPackDLL\ICEDll20Sim\Debug\ICEDll20Sim.dll
     1>Done Building Project "C:\Users\yum\Documents\GitHub\ThdynCalcPackDLL\ICEDll20Sim\ICEDll20Sim\ICEDll20Sim.vcxproj" (Build target(s)).

Build succeeded.

Time Elapsed 00:00:00.85
