c:\users\yum\documents\github\thdyncalcpackdll\icedll20sim\icedll20sim\debug\vc140.pdb
c:\users\yum\documents\github\thdyncalcpackdll\icedll20sim\icedll20sim\debug\vc140.idb
c:\users\yum\documents\github\thdyncalcpackdll\icedll20sim\icedll20sim\debug\getthdyncombgaszach.obj
c:\users\yum\documents\github\thdyncalcpackdll\icedll20sim\icedll20sim\debug\getthdyncombgaszachv1.obj
c:\users\yum\documents\github\thdyncalcpackdll\icedll20sim\icedll20sim\debug\getthermalpropertyhcvaporreal.obj
c:\users\yum\documents\github\thdyncalcpackdll\icedll20sim\icedll20sim\debug\getthermodynprop.obj
c:\users\yum\documents\github\thdyncalcpackdll\icedll20sim\icedll20sim\debug\getthermodynproppartial.obj
c:\users\yum\documents\github\thdyncalcpackdll\icedll20sim\icedll20sim\debug\gettotalstaticpt.obj
c:\users\yum\documents\github\thdyncalcpackdll\icedll20sim\icedll20sim\debug\gett_atm_p.obj
c:\users\yum\documents\github\thdyncalcpackdll\icedll20sim\icedll20sim\debug\getviscosityhcvapor.obj
c:\users\yum\documents\github\thdyncalcpackdll\icedll20sim\icedll20sim\debug\kpnasa7_upper.obj
c:\users\yum\documents\github\thdyncalcpackdll\icedll20sim\icedll20sim\debug\mldivide.obj
c:\users\yum\documents\github\thdyncalcpackdll\icedll20sim\icedll20sim\debug\power.obj
c:\users\yum\documents\github\thdyncalcpackdll\icedll20sim\icedll20sim\debug\rdivide.obj
c:\users\yum\documents\github\thdyncalcpackdll\icedll20sim\icedll20sim\debug\rtgetinf.obj
c:\users\yum\documents\github\thdyncalcpackdll\icedll20sim\icedll20sim\debug\rtgetnan.obj
c:\users\yum\documents\github\thdyncalcpackdll\icedll20sim\icedll20sim\debug\rt_nonfinite.obj
c:\users\yum\documents\github\thdyncalcpackdll\icedll20sim\icedll20sim\debug\sqrt.obj
c:\users\yum\documents\github\thdyncalcpackdll\icedll20sim\icedll20sim\debug\thdynpack_data.obj
c:\users\yum\documents\github\thdyncalcpackdll\icedll20sim\icedll20sim\debug\thdynpack_initialize.obj
c:\users\yum\documents\github\thdyncalcpackdll\icedll20sim\icedll20sim\debug\thdynpack_rtwutil.obj
c:\users\yum\documents\github\thdyncalcpackdll\icedll20sim\icedll20sim\debug\thdynpack_terminate.obj
c:\users\yum\documents\github\thdyncalcpackdll\icedll20sim\icedll20sim\debug\dnox.obj
c:\users\yum\documents\github\thdyncalcpackdll\icedll20sim\icedll20sim\debug\getairdensity.obj
c:\users\yum\documents\github\thdyncalcpackdll\icedll20sim\icedll20sim\debug\getairthermalconduct.obj
c:\users\yum\documents\github\thdyncalcpackdll\icedll20sim\icedll20sim\debug\getairviscosity.obj
c:\users\yum\documents\github\thdyncalcpackdll\icedll20sim\icedll20sim\debug\getcompcombgas.obj
c:\users\yum\documents\github\thdyncalcpackdll\icedll20sim\icedll20sim\debug\getcompletecomb.obj
c:\users\yum\documents\github\thdyncalcpackdll\icedll20sim\icedll20sim\debug\getcorraircomp.obj
c:\users\yum\documents\github\thdyncalcpackdll\icedll20sim\icedll20sim\debug\getdensityhcvapor.obj
c:\users\yum\documents\github\thdyncalcpackdll\icedll20sim\icedll20sim\debug\getdiffusivityhcvaportoair.obj
c:\users\yum\documents\github\thdyncalcpackdll\icedll20sim\icedll20sim\debug\getequilgrill.obj
c:\users\yum\documents\github\thdyncalcpackdll\icedll20sim\icedll20sim\debug\getequilolikara.obj
c:\users\yum\documents\github\thdyncalcpackdll\icedll20sim\icedll20sim\debug\getfuelpropertyn_dodecane.obj
c:\users\yum\documents\github\thdyncalcpackdll\icedll20sim\icedll20sim\debug\gethtcoeffhtx.obj
c:\users\yum\documents\github\thdyncalcpackdll\icedll20sim\icedll20sim\debug\getidealnozzleflow.obj
c:\users\yum\documents\github\thdyncalcpackdll\icedll20sim\icedll20sim\debug\getidealnozzleflowptf.obj
c:\users\yum\documents\github\thdyncalcpackdll\icedll20sim\icedll20sim\debug\getmembzach.obj
c:\users\yum\documents\github\thdyncalcpackdll\icedll20sim\icedll20sim\debug\getptf.obj
c:\users\yum\documents\github\thdyncalcpackdll\icedll20sim\icedll20sim\debug\getptfv1.obj
c:\users\yum\documents\github\thdyncalcpackdll\icedll20sim\icedll20sim\debug\getptx.obj
c:\users\yum\documents\github\thdyncalcpackdll\icedll20sim\icedll20sim\debug\gettfromphf.obj
c:\users\yum\documents\github\thdyncalcpackdll\icedll20sim\icedll20sim\debug\icedll20sim.obj
c:\users\yum\documents\github\thdyncalcpackdll\icedll20sim\icedll20sim\debug\compressor_calc_ptf.obj
c:\users\yum\documents\github\thdyncalcpackdll\icedll20sim\debug\icedll20sim.lib
c:\users\yum\documents\github\thdyncalcpackdll\icedll20sim\debug\icedll20sim.exp
c:\users\yum\documents\github\thdyncalcpackdll\icedll20sim\debug\icedll20sim.ilk
c:\users\yum\documents\github\thdyncalcpackdll\icedll20sim\debug\icedll20sim.dll
c:\users\yum\documents\github\thdyncalcpackdll\icedll20sim\debug\icedll20sim.pdb
c:\users\yum\documents\github\thdyncalcpackdll\icedll20sim\icedll20sim\debug\icedll20sim.tlog\cl.command.1.tlog
c:\users\yum\documents\github\thdyncalcpackdll\icedll20sim\icedll20sim\debug\icedll20sim.tlog\cl.read.1.tlog
c:\users\yum\documents\github\thdyncalcpackdll\icedll20sim\icedll20sim\debug\icedll20sim.tlog\cl.write.1.tlog
c:\users\yum\documents\github\thdyncalcpackdll\icedll20sim\icedll20sim\debug\icedll20sim.tlog\icedll20sim.write.1u.tlog
c:\users\yum\documents\github\thdyncalcpackdll\icedll20sim\icedll20sim\debug\icedll20sim.tlog\link.command.1.tlog
c:\users\yum\documents\github\thdyncalcpackdll\icedll20sim\icedll20sim\debug\icedll20sim.tlog\link.read.1.tlog
c:\users\yum\documents\github\thdyncalcpackdll\icedll20sim\icedll20sim\debug\icedll20sim.tlog\link.write.1.tlog
