C:\USERS\YUM\DROPBOX\STUDY\NTNU2012S\PROJECT\CODE\DLL_ICELIB_VER_2_0_SCANIA\DLL_ICELIB\RELEASE\DLL_ICELIB.DLL.INTERMEDIATE.MANIFEST
C:\USERS\YUM\DROPBOX\STUDY\NTNU2012S\PROJECT\CODE\DLL_ICELIB_VER_2_0_SCANIA\DLL_ICELIB\RELEASE\DLLSRC.OBJ
C:\USERS\YUM\DROPBOX\STUDY\NTNU2012S\PROJECT\CODE\DLL_ICELIB_VER_2_0_SCANIA\DLL_ICELIB\RELEASE\GET3WIEBE.OBJ
C:\USERS\YUM\DROPBOX\STUDY\NTNU2012S\PROJECT\CODE\DLL_ICELIB_VER_2_0_SCANIA\DLL_ICELIB\RELEASE\GET3WIEBEPARA.OBJ
C:\USERS\YUM\DROPBOX\STUDY\NTNU2012S\PROJECT\CODE\DLL_ICELIB_VER_2_0_SCANIA\DLL_ICELIB\RELEASE\GETCOMPCOMBGAS.OBJ
C:\USERS\YUM\DROPBOX\STUDY\NTNU2012S\PROJECT\CODE\DLL_ICELIB_VER_2_0_SCANIA\DLL_ICELIB\RELEASE\GETCOMPCOMBGAS_INITIALIZE.OBJ
C:\USERS\YUM\DROPBOX\STUDY\NTNU2012S\PROJECT\CODE\DLL_ICELIB_VER_2_0_SCANIA\DLL_ICELIB\RELEASE\GETCOMPCOMBGAS_RTWUTIL.OBJ
C:\USERS\YUM\DROPBOX\STUDY\NTNU2012S\PROJECT\CODE\DLL_ICELIB_VER_2_0_SCANIA\DLL_ICELIB\RELEASE\GETCOMPCOMBGAS_TERMINATE.OBJ
C:\USERS\YUM\DROPBOX\STUDY\NTNU2012S\PROJECT\CODE\DLL_ICELIB_VER_2_0_SCANIA\DLL_ICELIB\RELEASE\GETCOMPLETECOMB.OBJ
C:\USERS\YUM\DROPBOX\STUDY\NTNU2012S\PROJECT\CODE\DLL_ICELIB_VER_2_0_SCANIA\DLL_ICELIB\RELEASE\GETEQUILGRILL.OBJ
C:\USERS\YUM\DROPBOX\STUDY\NTNU2012S\PROJECT\CODE\DLL_ICELIB_VER_2_0_SCANIA\DLL_ICELIB\RELEASE\GETPTX.OBJ
C:\USERS\YUM\DROPBOX\STUDY\NTNU2012S\PROJECT\CODE\DLL_ICELIB_VER_2_0_SCANIA\DLL_ICELIB\RELEASE\GETROHRDYN.OBJ
C:\USERS\YUM\DROPBOX\STUDY\NTNU2012S\PROJECT\CODE\DLL_ICELIB_VER_2_0_SCANIA\DLL_ICELIB\RELEASE\GETTHERMODYNPROP.OBJ
C:\USERS\YUM\DROPBOX\STUDY\NTNU2012S\PROJECT\CODE\DLL_ICELIB_VER_2_0_SCANIA\DLL_ICELIB\RELEASE\GETTXV.OBJ
C:\USERS\YUM\DROPBOX\STUDY\NTNU2012S\PROJECT\CODE\DLL_ICELIB_VER_2_0_SCANIA\DLL_ICELIB\RELEASE\RT_NONFINITE.OBJ
C:\USERS\YUM\DROPBOX\STUDY\NTNU2012S\PROJECT\CODE\DLL_ICELIB_VER_2_0_SCANIA\DLL_ICELIB\RELEASE\RTGETINF.OBJ
C:\USERS\YUM\DROPBOX\STUDY\NTNU2012S\PROJECT\CODE\DLL_ICELIB_VER_2_0_SCANIA\DLL_ICELIB\RELEASE\RTGETNAN.OBJ
C:\USERS\YUM\DROPBOX\STUDY\NTNU2012S\PROJECT\CODE\DLL_ICELIB_VER_2_0_SCANIA\DLL_ICELIB\RELEASE\SUM.OBJ
C:\USERS\YUM\DROPBOX\STUDY\NTNU2012S\PROJECT\CODE\DLL_ICELIB_VER_2_0_SCANIA\RELEASE\DLL_ICELIB.DLL
C:\USERS\YUM\DROPBOX\STUDY\NTNU2012S\PROJECT\CODE\DLL_ICELIB_VER_2_0_SCANIA\RELEASE\DLL_ICELIB.EXP
C:\USERS\YUM\DROPBOX\STUDY\NTNU2012S\PROJECT\CODE\DLL_ICELIB_VER_2_0_SCANIA\RELEASE\DLL_ICELIB.LIB
E:\DBOX\DROPBOX\STUDY\MODEL LIBRARY\CODE\THERMODYNAMICCALCULATION - COPY\DLL_ICELIB\RELEASE\DLL_ICELIB.DLL.INTERMEDIATE.MANIFEST
E:\DBox\Dropbox\Study\Model Library\Code\ThermodynamicCalculation - Copy\DLL_ICElib\Release\DLL_ICElib.vcxprojResolveAssemblyReference.cache
E:\DBox\Dropbox\Study\Model Library\Code\ThermodynamicCalculation - Copy\DLL_ICElib\Release\DLL_ICElib.write.1.tlog
E:\DBOX\DROPBOX\STUDY\MODEL LIBRARY\CODE\THERMODYNAMICCALCULATION - COPY\DLL_ICELIB\RELEASE\DLLSRC.OBJ
E:\DBOX\DROPBOX\STUDY\MODEL LIBRARY\CODE\THERMODYNAMICCALCULATION - COPY\DLL_ICELIB\RELEASE\GET3WIEBE.OBJ
E:\DBOX\DROPBOX\STUDY\MODEL LIBRARY\CODE\THERMODYNAMICCALCULATION - COPY\DLL_ICELIB\RELEASE\GET3WIEBEPARA.OBJ
E:\DBOX\DROPBOX\STUDY\MODEL LIBRARY\CODE\THERMODYNAMICCALCULATION - COPY\DLL_ICELIB\RELEASE\GETAIRDENSITY.OBJ
E:\DBOX\DROPBOX\STUDY\MODEL LIBRARY\CODE\THERMODYNAMICCALCULATION - COPY\DLL_ICELIB\RELEASE\GETAIRTHERMALCONDUCT.OBJ
E:\DBOX\DROPBOX\STUDY\MODEL LIBRARY\CODE\THERMODYNAMICCALCULATION - COPY\DLL_ICELIB\RELEASE\GETAIRVISCOSITY.OBJ
E:\DBOX\DROPBOX\STUDY\MODEL LIBRARY\CODE\THERMODYNAMICCALCULATION - COPY\DLL_ICELIB\RELEASE\GETCOMPCOMBGAS.OBJ
E:\DBOX\DROPBOX\STUDY\MODEL LIBRARY\CODE\THERMODYNAMICCALCULATION - COPY\DLL_ICELIB\RELEASE\GETCOMPCOMBGAS_INITIALIZE.OBJ
E:\DBOX\DROPBOX\STUDY\MODEL LIBRARY\CODE\THERMODYNAMICCALCULATION - COPY\DLL_ICELIB\RELEASE\GETCOMPCOMBGAS_RTWUTIL.OBJ
E:\DBOX\DROPBOX\STUDY\MODEL LIBRARY\CODE\THERMODYNAMICCALCULATION - COPY\DLL_ICELIB\RELEASE\GETCOMPCOMBGAS_TERMINATE.OBJ
E:\DBOX\DROPBOX\STUDY\MODEL LIBRARY\CODE\THERMODYNAMICCALCULATION - COPY\DLL_ICELIB\RELEASE\GETCOMPLETECOMB.OBJ
E:\DBOX\DROPBOX\STUDY\MODEL LIBRARY\CODE\THERMODYNAMICCALCULATION - COPY\DLL_ICELIB\RELEASE\GETDENSITYHCVAPOR.OBJ
E:\DBOX\DROPBOX\STUDY\MODEL LIBRARY\CODE\THERMODYNAMICCALCULATION - COPY\DLL_ICELIB\RELEASE\GETDIFFUSIVITYHCVAPORTOAIR.OBJ
E:\DBOX\DROPBOX\STUDY\MODEL LIBRARY\CODE\THERMODYNAMICCALCULATION - COPY\DLL_ICELIB\RELEASE\GETEQUILGRILL.OBJ
E:\DBOX\DROPBOX\STUDY\MODEL LIBRARY\CODE\THERMODYNAMICCALCULATION - COPY\DLL_ICELIB\RELEASE\GETFUELPROPERTYN_DODECANE.OBJ
E:\DBOX\DROPBOX\STUDY\MODEL LIBRARY\CODE\THERMODYNAMICCALCULATION - COPY\DLL_ICELIB\RELEASE\GETHTCOEFFHTX.OBJ
E:\DBOX\DROPBOX\STUDY\MODEL LIBRARY\CODE\THERMODYNAMICCALCULATION - COPY\DLL_ICELIB\RELEASE\GETIDEALNOZZLEFLOW.OBJ
E:\DBOX\DROPBOX\STUDY\MODEL LIBRARY\CODE\THERMODYNAMICCALCULATION - COPY\DLL_ICELIB\RELEASE\GETPTF.OBJ
E:\DBOX\DROPBOX\STUDY\MODEL LIBRARY\CODE\THERMODYNAMICCALCULATION - COPY\DLL_ICELIB\RELEASE\GETPTX.OBJ
E:\DBOX\DROPBOX\STUDY\MODEL LIBRARY\CODE\THERMODYNAMICCALCULATION - COPY\DLL_ICELIB\RELEASE\GETROHRDYN.OBJ
E:\DBOX\DROPBOX\STUDY\MODEL LIBRARY\CODE\THERMODYNAMICCALCULATION - COPY\DLL_ICELIB\RELEASE\GETT_ATM_P.OBJ
E:\DBOX\DROPBOX\STUDY\MODEL LIBRARY\CODE\THERMODYNAMICCALCULATION - COPY\DLL_ICELIB\RELEASE\GETTHDYNCOMBGASZACH.OBJ
E:\DBOX\DROPBOX\STUDY\MODEL LIBRARY\CODE\THERMODYNAMICCALCULATION - COPY\DLL_ICELIB\RELEASE\GETTHERMALPROPERTYHCVAPORREAL.OBJ
E:\DBOX\DROPBOX\STUDY\MODEL LIBRARY\CODE\THERMODYNAMICCALCULATION - COPY\DLL_ICELIB\RELEASE\GETTHERMODYNPROP.OBJ
E:\DBOX\DROPBOX\STUDY\MODEL LIBRARY\CODE\THERMODYNAMICCALCULATION - COPY\DLL_ICELIB\RELEASE\GETTXV.OBJ
E:\DBOX\DROPBOX\STUDY\MODEL LIBRARY\CODE\THERMODYNAMICCALCULATION - COPY\DLL_ICELIB\RELEASE\GETVISCOSITYHCVAPOR.OBJ
E:\DBox\Dropbox\Study\Model Library\Code\ThermodynamicCalculation - Copy\DLL_ICElib\Release\icl.command.1.tlog
E:\DBox\Dropbox\Study\Model Library\Code\ThermodynamicCalculation - Copy\DLL_ICElib\Release\icl.read.1.tlog
E:\DBox\Dropbox\Study\Model Library\Code\ThermodynamicCalculation - Copy\DLL_ICElib\Release\icl.write.1.tlog
E:\DBox\Dropbox\Study\Model Library\Code\ThermodynamicCalculation - Copy\DLL_ICElib\Release\icl-mcpcom.read.1.tlog
E:\DBox\Dropbox\Study\Model Library\Code\ThermodynamicCalculation - Copy\DLL_ICElib\Release\icl-mcpcom.write.1.tlog
E:\DBox\Dropbox\Study\Model Library\Code\ThermodynamicCalculation - Copy\DLL_ICElib\Release\mt.command.1.tlog
E:\DBox\Dropbox\Study\Model Library\Code\ThermodynamicCalculation - Copy\DLL_ICElib\Release\mt.read.1.tlog
E:\DBox\Dropbox\Study\Model Library\Code\ThermodynamicCalculation - Copy\DLL_ICElib\Release\mt.write.1.tlog
E:\DBOX\DROPBOX\STUDY\MODEL LIBRARY\CODE\THERMODYNAMICCALCULATION - COPY\DLL_ICELIB\RELEASE\RDIVIDE.OBJ
E:\DBOX\DROPBOX\STUDY\MODEL LIBRARY\CODE\THERMODYNAMICCALCULATION - COPY\DLL_ICELIB\RELEASE\RT_NONFINITE.OBJ
E:\DBOX\DROPBOX\STUDY\MODEL LIBRARY\CODE\THERMODYNAMICCALCULATION - COPY\DLL_ICELIB\RELEASE\RTGETINF.OBJ
E:\DBOX\DROPBOX\STUDY\MODEL LIBRARY\CODE\THERMODYNAMICCALCULATION - COPY\DLL_ICELIB\RELEASE\RTGETNAN.OBJ
E:\DBOX\DROPBOX\STUDY\MODEL LIBRARY\CODE\THERMODYNAMICCALCULATION - COPY\DLL_ICELIB\RELEASE\SUM.OBJ
E:\DBox\Dropbox\Study\Model Library\Code\ThermodynamicCalculation - Copy\DLL_ICElib\Release\xilink.command.1.tlog
E:\DBox\Dropbox\Study\Model Library\Code\ThermodynamicCalculation - Copy\DLL_ICElib\Release\xilink.read.1.tlog
E:\DBox\Dropbox\Study\Model Library\Code\ThermodynamicCalculation - Copy\DLL_ICElib\Release\xilink.write.1.tlog
E:\DBox\Dropbox\Study\Model Library\Code\ThermodynamicCalculation - Copy\DLL_ICElib\Release\xilink-link.read.1.tlog
E:\DBox\Dropbox\Study\Model Library\Code\ThermodynamicCalculation - Copy\DLL_ICElib\Release\xilink-link.write.1.tlog
E:\DBox\Dropbox\Study\Model Library\Code\ThermodynamicCalculation - Copy\DLL_ICElib\Release\xilink-mcpcom.read.1.tlog
E:\DBox\Dropbox\Study\Model Library\Code\ThermodynamicCalculation - Copy\DLL_ICElib\Release\xilink-mcpcom.write.1.tlog
E:\DBOX\DROPBOX\STUDY\MODEL LIBRARY\CODE\THERMODYNAMICCALCULATION - COPY\RELEASE\DLL_ICELIB.DLL
E:\DBOX\DROPBOX\STUDY\MODEL LIBRARY\CODE\THERMODYNAMICCALCULATION - COPY\RELEASE\DLL_ICELIB.EXP
E:\DBOX\DROPBOX\STUDY\MODEL LIBRARY\CODE\THERMODYNAMICCALCULATION - COPY\RELEASE\DLL_ICELIB.LIB
E:\DBox\Dropbox\Study\Model Library\Code\ThermodynamicCalculation - Copy\Release\DLL_ICElib.pdb
E:\DBOX\DROPBOX\STUDY\NTNU2012S\PROJECT\CODE\DLL_ICELIB_VER_2_0_SCANIA\DLL_ICELIB\RELEASE\DLL_ICELIB.DLL.INTERMEDIATE.MANIFEST
E:\DBOX\DROPBOX\STUDY\NTNU2012S\PROJECT\CODE\DLL_ICELIB_VER_2_0_SCANIA\DLL_ICELIB\RELEASE\DLLSRC.OBJ
E:\DBOX\DROPBOX\STUDY\NTNU2012S\PROJECT\CODE\DLL_ICELIB_VER_2_0_SCANIA\DLL_ICELIB\RELEASE\GET3WIEBE.OBJ
E:\DBOX\DROPBOX\STUDY\NTNU2012S\PROJECT\CODE\DLL_ICELIB_VER_2_0_SCANIA\DLL_ICELIB\RELEASE\GET3WIEBEPARA.OBJ
E:\DBOX\DROPBOX\STUDY\NTNU2012S\PROJECT\CODE\DLL_ICELIB_VER_2_0_SCANIA\DLL_ICELIB\RELEASE\GETCOMPCOMBGAS.OBJ
E:\DBOX\DROPBOX\STUDY\NTNU2012S\PROJECT\CODE\DLL_ICELIB_VER_2_0_SCANIA\DLL_ICELIB\RELEASE\GETCOMPCOMBGAS_INITIALIZE.OBJ
E:\DBOX\DROPBOX\STUDY\NTNU2012S\PROJECT\CODE\DLL_ICELIB_VER_2_0_SCANIA\DLL_ICELIB\RELEASE\GETCOMPCOMBGAS_RTWUTIL.OBJ
E:\DBOX\DROPBOX\STUDY\NTNU2012S\PROJECT\CODE\DLL_ICELIB_VER_2_0_SCANIA\DLL_ICELIB\RELEASE\GETCOMPCOMBGAS_TERMINATE.OBJ
E:\DBOX\DROPBOX\STUDY\NTNU2012S\PROJECT\CODE\DLL_ICELIB_VER_2_0_SCANIA\DLL_ICELIB\RELEASE\GETCOMPLETECOMB.OBJ
E:\DBOX\DROPBOX\STUDY\NTNU2012S\PROJECT\CODE\DLL_ICELIB_VER_2_0_SCANIA\DLL_ICELIB\RELEASE\GETEQUILGRILL.OBJ
E:\DBOX\DROPBOX\STUDY\NTNU2012S\PROJECT\CODE\DLL_ICELIB_VER_2_0_SCANIA\DLL_ICELIB\RELEASE\GETPTX.OBJ
E:\DBOX\DROPBOX\STUDY\NTNU2012S\PROJECT\CODE\DLL_ICELIB_VER_2_0_SCANIA\DLL_ICELIB\RELEASE\GETROHRDYN.OBJ
E:\DBOX\DROPBOX\STUDY\NTNU2012S\PROJECT\CODE\DLL_ICELIB_VER_2_0_SCANIA\DLL_ICELIB\RELEASE\GETTHERMODYNPROP.OBJ
E:\DBOX\DROPBOX\STUDY\NTNU2012S\PROJECT\CODE\DLL_ICELIB_VER_2_0_SCANIA\DLL_ICELIB\RELEASE\GETTXV.OBJ
E:\DBOX\DROPBOX\STUDY\NTNU2012S\PROJECT\CODE\DLL_ICELIB_VER_2_0_SCANIA\DLL_ICELIB\RELEASE\RT_NONFINITE.OBJ
E:\DBOX\DROPBOX\STUDY\NTNU2012S\PROJECT\CODE\DLL_ICELIB_VER_2_0_SCANIA\DLL_ICELIB\RELEASE\RTGETINF.OBJ
E:\DBOX\DROPBOX\STUDY\NTNU2012S\PROJECT\CODE\DLL_ICELIB_VER_2_0_SCANIA\DLL_ICELIB\RELEASE\RTGETNAN.OBJ
E:\DBOX\DROPBOX\STUDY\NTNU2012S\PROJECT\CODE\DLL_ICELIB_VER_2_0_SCANIA\DLL_ICELIB\RELEASE\SUM.OBJ
E:\DBOX\DROPBOX\STUDY\NTNU2012S\PROJECT\CODE\DLL_ICELIB_VER_2_0_SCANIA\RELEASE\DLL_ICELIB.DLL
E:\DBOX\DROPBOX\STUDY\NTNU2012S\PROJECT\CODE\DLL_ICELIB_VER_2_0_SCANIA\RELEASE\DLL_ICELIB.EXP
E:\DBOX\DROPBOX\STUDY\NTNU2012S\PROJECT\CODE\DLL_ICELIB_VER_2_0_SCANIA\RELEASE\DLL_ICELIB.LIB
