c:\users\yum\documents\github\thdyncalcpackdll\icedll20sim\icedll20sim\release\vc140.pdb
c:\users\yum\documents\github\thdyncalcpackdll\icedll20sim\icedll20sim\release\getptx.obj
c:\users\yum\documents\github\thdyncalcpackdll\icedll20sim\icedll20sim\release\getptfv1.obj
c:\users\yum\documents\github\thdyncalcpackdll\icedll20sim\icedll20sim\release\getptf.obj
c:\users\yum\documents\github\thdyncalcpackdll\icedll20sim\icedll20sim\release\getmembzach.obj
c:\users\yum\documents\github\thdyncalcpackdll\icedll20sim\icedll20sim\release\getidealnozzleflowptf.obj
c:\users\yum\documents\github\thdyncalcpackdll\icedll20sim\icedll20sim\release\getidealnozzleflow.obj
c:\users\yum\documents\github\thdyncalcpackdll\icedll20sim\icedll20sim\release\gethtcoeffhtx.obj
c:\users\yum\documents\github\thdyncalcpackdll\icedll20sim\icedll20sim\release\getfuelpropertyn_dodecane.obj
c:\users\yum\documents\github\thdyncalcpackdll\icedll20sim\icedll20sim\release\getequilolikara.obj
c:\users\yum\documents\github\thdyncalcpackdll\icedll20sim\icedll20sim\release\getequilgrill.obj
c:\users\yum\documents\github\thdyncalcpackdll\icedll20sim\icedll20sim\release\getdiffusivityhcvaportoair.obj
c:\users\yum\documents\github\thdyncalcpackdll\icedll20sim\icedll20sim\release\getdensityhcvapor.obj
c:\users\yum\documents\github\thdyncalcpackdll\icedll20sim\icedll20sim\release\getcorraircomp.obj
c:\users\yum\documents\github\thdyncalcpackdll\icedll20sim\icedll20sim\release\getcompletecomb.obj
c:\users\yum\documents\github\thdyncalcpackdll\icedll20sim\icedll20sim\release\getcompcombgas.obj
c:\users\yum\documents\github\thdyncalcpackdll\icedll20sim\icedll20sim\release\getairviscosity.obj
c:\users\yum\documents\github\thdyncalcpackdll\icedll20sim\icedll20sim\release\getairthermalconduct.obj
c:\users\yum\documents\github\thdyncalcpackdll\icedll20sim\icedll20sim\release\getairdensity.obj
c:\users\yum\documents\github\thdyncalcpackdll\icedll20sim\icedll20sim\release\dnox.obj
c:\users\yum\documents\github\thdyncalcpackdll\icedll20sim\icedll20sim\release\icedll20sim.obj
c:\users\yum\documents\github\thdyncalcpackdll\icedll20sim\icedll20sim\release\thdynpack_rtwutil.obj
c:\users\yum\documents\github\thdyncalcpackdll\icedll20sim\icedll20sim\release\thdynpack_initialize.obj
c:\users\yum\documents\github\thdyncalcpackdll\icedll20sim\icedll20sim\release\thdynpack_data.obj
c:\users\yum\documents\github\thdyncalcpackdll\icedll20sim\icedll20sim\release\sqrt.obj
c:\users\yum\documents\github\thdyncalcpackdll\icedll20sim\icedll20sim\release\rt_nonfinite.obj
c:\users\yum\documents\github\thdyncalcpackdll\icedll20sim\icedll20sim\release\rtgetnan.obj
c:\users\yum\documents\github\thdyncalcpackdll\icedll20sim\icedll20sim\release\rtgetinf.obj
c:\users\yum\documents\github\thdyncalcpackdll\icedll20sim\icedll20sim\release\rdivide.obj
c:\users\yum\documents\github\thdyncalcpackdll\icedll20sim\icedll20sim\release\power.obj
c:\users\yum\documents\github\thdyncalcpackdll\icedll20sim\icedll20sim\release\mldivide.obj
c:\users\yum\documents\github\thdyncalcpackdll\icedll20sim\icedll20sim\release\kpnasa7_upper.obj
c:\users\yum\documents\github\thdyncalcpackdll\icedll20sim\icedll20sim\release\getviscosityhcvapor.obj
c:\users\yum\documents\github\thdyncalcpackdll\icedll20sim\icedll20sim\release\gett_atm_p.obj
c:\users\yum\documents\github\thdyncalcpackdll\icedll20sim\icedll20sim\release\gettotalstaticpt.obj
c:\users\yum\documents\github\thdyncalcpackdll\icedll20sim\icedll20sim\release\getthermodynproppartial.obj
c:\users\yum\documents\github\thdyncalcpackdll\icedll20sim\icedll20sim\release\getthermodynprop.obj
c:\users\yum\documents\github\thdyncalcpackdll\icedll20sim\icedll20sim\release\getthermalpropertyhcvaporreal.obj
c:\users\yum\documents\github\thdyncalcpackdll\icedll20sim\icedll20sim\release\getthdyncombgaszachv1.obj
c:\users\yum\documents\github\thdyncalcpackdll\icedll20sim\icedll20sim\release\getthdyncombgaszach.obj
c:\users\yum\documents\github\thdyncalcpackdll\icedll20sim\icedll20sim\release\gettfromphf.obj
c:\users\yum\documents\github\thdyncalcpackdll\icedll20sim\icedll20sim\release\thdynpack_terminate.obj
c:\users\yum\documents\github\thdyncalcpackdll\icedll20sim\icedll20sim\release\compressor_calc_ptf_wrapper.obj
c:\users\yum\documents\github\thdyncalcpackdll\icedll20sim\icedll20sim\release\compressor_calc_ptf.obj
c:\users\yum\documents\github\thdyncalcpackdll\icedll20sim\release\icedll20sim.lib
c:\users\yum\documents\github\thdyncalcpackdll\icedll20sim\release\icedll20sim.exp
c:\users\yum\documents\github\thdyncalcpackdll\icedll20sim\release\icedll20sim.dll
c:\users\yum\documents\github\thdyncalcpackdll\icedll20sim\release\icedll20sim.ipdb
c:\users\yum\documents\github\thdyncalcpackdll\icedll20sim\release\icedll20sim.iobj
c:\users\yum\documents\github\thdyncalcpackdll\icedll20sim\release\icedll20sim.pdb
c:\users\yum\documents\github\thdyncalcpackdll\icedll20sim\icedll20sim\release\icedll20sim.tlog\cl.command.1.tlog
c:\users\yum\documents\github\thdyncalcpackdll\icedll20sim\icedll20sim\release\icedll20sim.tlog\cl.read.1.tlog
c:\users\yum\documents\github\thdyncalcpackdll\icedll20sim\icedll20sim\release\icedll20sim.tlog\cl.write.1.tlog
c:\users\yum\documents\github\thdyncalcpackdll\icedll20sim\icedll20sim\release\icedll20sim.tlog\icedll20sim.write.1u.tlog
c:\users\yum\documents\github\thdyncalcpackdll\icedll20sim\icedll20sim\release\icedll20sim.tlog\link.command.1.tlog
c:\users\yum\documents\github\thdyncalcpackdll\icedll20sim\icedll20sim\release\icedll20sim.tlog\link.read.1.tlog
c:\users\yum\documents\github\thdyncalcpackdll\icedll20sim\icedll20sim\release\icedll20sim.tlog\link.write.1.tlog
