Build started 12/20/2016 11:22:57 PM.
     1>Project "C:\Users\yum\Documents\GitHub\ThdynCalcPackDLL\ICEDll20Sim\ICEDll20Sim\ICEDll20Sim.vcxproj" on node 2 (build target(s)).
       Project file contains ToolsVersion="14.0". This toolset may be unknown or missing, in which case you may be able to resolve this by installing the appropriate version of MSBuild, or the build may have been forced to a particular ToolsVersion for policy reasons. Treating the project as if it had ToolsVersion="4.0". For more information, please see http://go.microsoft.com/fwlink/?LinkId=291333.
     1>InitializeBuildStatus:
         Creating "Release\ICEDll20Sim.unsuccessfulbuild" because "AlwaysCreate" was specified.
       MessageBuildingWithCompiler:
         Building with Intel(R) C++ Compiler XE 12.1
       ClCompile:
         ***** ClCompile (Win32 - Intel C++)
         C:\Program Files (x86)\Intel\Composer XE 2011 SP1\bin\ia32\icl.exe /c /Qvc10 /Qlocation,link,"$(VCInstallDir)\bin" /Zi /nologo /W3 /O2 /Oi /Qipo /Qftz- /D WIN32 /D NDEBUG /D _WINDOWS /D _USRDLL /D ICEDLL20SIM_EXPORTS /D _WINDLL /D _UNICODE /D UNICODE /EHsc /MD /GS /Gy /fp:precise /Zc:wchar_t /Zc:forScope /Fo"Release\\" /Fd"Release\vc100.pdb" /Gd /TP ICEDll20Sim.cpp subroutines\compressor_calc_PTF.cpp subroutines\dNOx.cpp subroutines\GetAirDensity.cpp subroutines\GetAirThermalConduct.cpp subroutines\GetAirViscosity.cpp subroutines\GetCompCombGas.cpp subroutines\GetCompleteComb.cpp subroutines\GetCorrAirComp.cpp subroutines\GetDensityHCVapor.cpp subroutines\GetDiffusivityHCVaporToAir.cpp subroutines\GetEquilGrill.cpp subroutines\GetEquilOlikara.cpp subroutines\GetFuelPropertyN_Dodecane.cpp subroutines\GetHTCoeffHTX.cpp subroutines\GetIdealNozzleFlow.cpp subroutines\GetIdealNozzleFlowPTF.cpp subroutines\GetMEMbZach.cpp subroutines\GetPTF.cpp subroutines\GetPTFSimple.cpp subroutines\GetPTFV1.cpp subroutines\GetPTx.cpp subroutines\GetTFromPhF.cpp subroutines\GetThdynCombGasZach.cpp subroutines\GetThdynCombGasZachV1.cpp subroutines\GetThermalPropertyHCVaporReal.cpp subroutines\GetThermoDynProp.cpp subroutines\GetThermoDynPropPartial.cpp subroutines\GetTotalStaticPT.cpp subroutines\GetT_atm_p.cpp subroutines\GetViscosityHCVapor.cpp subroutines\KpNASA7_upper.cpp subroutines\mldivide.cpp subroutines\power.cpp subroutines\rdivide.cpp subroutines\rtGetInf.cpp subroutines\rtGetNaN.cpp subroutines\rt_nonfinite.cpp subroutines\sqrt.cpp subroutines\ThdynPack_data.cpp subroutines\ThdynPack_rtwutil.cpp
         ICEDll20Sim.cpp
         compressor_calc_PTF.cpp
         dNOx.cpp
         GetAirDensity.cpp
         GetAirThermalConduct.cpp
         GetAirViscosity.cpp
         GetCompCombGas.cpp
         GetCompleteComb.cpp
         GetCorrAirComp.cpp
         GetDensityHCVapor.cpp
         GetDiffusivityHCVaporToAir.cpp
         GetEquilGrill.cpp
         GetEquilOlikara.cpp
         GetFuelPropertyN_Dodecane.cpp
         GetHTCoeffHTX.cpp
         GetIdealNozzleFlow.cpp
         GetIdealNozzleFlowPTF.cpp
         GetMEMbZach.cpp
         GetPTF.cpp
         GetPTFSimple.cpp
         GetPTFV1.cpp
         GetPTx.cpp
         GetTFromPhF.cpp
         GetThdynCombGasZach.cpp
         GetThdynCombGasZachV1.cpp
         GetThermalPropertyHCVaporReal.cpp
         GetThermoDynProp.cpp
         GetThermoDynPropPartial.cpp
         GetTotalStaticPT.cpp
         GetT_atm_p.cpp
         GetViscosityHCVapor.cpp
         KpNASA7_upper.cpp
         mldivide.cpp
         power.cpp
     1>subroutines\power.cpp(73): warning #161: unrecognized #pragma
           #pragma omp parallel for \
                   ^
         
         rdivide.cpp
         rtGetInf.cpp
         rtGetNaN.cpp
         rt_nonfinite.cpp
         sqrt.cpp
         ThdynPack_data.cpp
         ThdynPack_rtwutil.cpp
       Link:
         C:\Program Files (x86)\Intel\Composer XE 2011 SP1\bin\ia32\xilink.exe /OUT:"C:\Users\yum\Documents\GitHub\ThdynCalcPackDLL\ICEDll20Sim\Release\ICEDll20Sim.dll" /INCREMENTAL:NO /NOLOGO kernel32.lib user32.lib gdi32.lib winspool.lib comdlg32.lib advapi32.lib shell32.lib ole32.lib oleaut32.lib uuid.lib odbc32.lib odbccp32.lib /MANIFEST /ManifestFile:"Release\ICEDll20Sim.dll.intermediate.manifest" /MANIFESTUAC:"level='asInvoker' uiAccess='false'" /DEBUG /PDB:"C:\Users\yum\Documents\GitHub\ThdynCalcPackDLL\ICEDll20Sim\Release\ICEDll20Sim.pdb" /SUBSYSTEM:WINDOWS /OPT:REF /OPT:ICF /TLBID:1 /DYNAMICBASE /NXCOMPAT /IMPLIB:"C:\Users\yum\Documents\GitHub\ThdynCalcPackDLL\ICEDll20Sim\Release\ICEDll20Sim.lib" /MACHINE:X86 /DLL Release\ICEDll20Sim.obj
         Release\compressor_calc_PTF.obj
         Release\dNOx.obj
         Release\GetAirDensity.obj
         Release\GetAirThermalConduct.obj
         Release\GetAirViscosity.obj
         Release\GetCompCombGas.obj
         Release\GetCompleteComb.obj
         Release\GetCorrAirComp.obj
         Release\GetDensityHCVapor.obj
         Release\GetDiffusivityHCVaporToAir.obj
         Release\GetEquilGrill.obj
         Release\GetEquilOlikara.obj
         Release\GetFuelPropertyN_Dodecane.obj
         Release\GetHTCoeffHTX.obj
         Release\GetIdealNozzleFlow.obj
         Release\GetIdealNozzleFlowPTF.obj
         Release\GetMEMbZach.obj
         Release\GetPTF.obj
         Release\GetPTFSimple.obj
         Release\GetPTFV1.obj
         Release\GetPTx.obj
         Release\GetTFromPhF.obj
         Release\GetThdynCombGasZach.obj
         Release\GetThdynCombGasZachV1.obj
         Release\GetThermalPropertyHCVaporReal.obj
         Release\GetThermoDynProp.obj
         Release\GetThermoDynPropPartial.obj
         Release\GetTotalStaticPT.obj
         Release\GetT_atm_p.obj
         Release\GetViscosityHCVapor.obj
         Release\KpNASA7_upper.obj
         Release\mldivide.obj
         Release\power.obj
         Release\rdivide.obj
         Release\rtGetInf.obj
         Release\rtGetNaN.obj
         Release\rt_nonfinite.obj
         Release\sqrt.obj
         Release\ThdynPack_data.obj
         Release\ThdynPack_rtwutil.obj
     1>ipo : warning #11072: ignoring invalid linker directive 'FAILIFMISMATCH:"_MSC_VER=1600"'
     1>ipo : warning #11072: ignoring invalid linker directive 'FAILIFMISMATCH:"_ITERATOR_DEBUG_LEVEL=0"'
     1>ipo : warning #11024: Main entry point was not seen
         xilink: executing 'link'
            Creating library C:\Users\yum\Documents\GitHub\ThdynCalcPackDLL\ICEDll20Sim\Release\ICEDll20Sim.lib and object C:\Users\yum\Documents\GitHub\ThdynCalcPackDLL\ICEDll20Sim\Release\ICEDll20Sim.exp
         ICEDll20Sim.vcxproj -> C:\Users\yum\Documents\GitHub\ThdynCalcPackDLL\ICEDll20Sim\Release\ICEDll20Sim.dll
       Manifest:
         C:\Program Files (x86)\Microsoft SDKs\Windows\v7.0A\bin\mt.exe /nologo /verbose /outputresource:"C:\Users\yum\Documents\GitHub\ThdynCalcPackDLL\ICEDll20Sim\Release\ICEDll20Sim.dll;#2" /manifest Release\ICEDll20Sim.dll.intermediate.manifest
       FinalizeBuildStatus:
         Deleting file "Release\ICEDll20Sim.unsuccessfulbuild".
         Touching "Release\ICEDll20Sim.lastbuildstate".
     1>Done Building Project "C:\Users\yum\Documents\GitHub\ThdynCalcPackDLL\ICEDll20Sim\ICEDll20Sim\ICEDll20Sim.vcxproj" (build target(s)).

Build succeeded.

Time Elapsed 00:00:06.97
